{"D:\\code\\SE\\se-project-be-68-2-kiminoto\\controllers\\auth.js": {"path":"D:\\code\\SE\\se-project-be-68-2-kiminoto\\controllers\\auth.js","statementMap":{"0":{"start":{"line":1,"column":13},"end":{"line":1,"column":38}},"1":{"start":{"line":4,"column":26},"end":{"line":21,"column":1}},"2":{"start":{"line":5,"column":18},"end":{"line":5,"column":42}},"3":{"start":{"line":7,"column":20},"end":{"line":12,"column":5}},"4":{"start":{"line":14,"column":4},"end":{"line":16,"column":5}},"5":{"start":{"line":15,"column":8},"end":{"line":15,"column":30}},"6":{"start":{"line":18,"column":4},"end":{"line":20,"column":40}},"7":{"start":{"line":26,"column":0},"end":{"line":44,"column":2}},"8":{"start":{"line":27,"column":4},"end":{"line":43,"column":5}},"9":{"start":{"line":28,"column":53},"end":{"line":28,"column":61}},"10":{"start":{"line":31,"column":21},"end":{"line":37,"column":10}},"11":{"start":{"line":39,"column":8},"end":{"line":39,"column":42}},"12":{"start":{"line":41,"column":8},"end":{"line":41,"column":49}},"13":{"start":{"line":42,"column":8},"end":{"line":42,"column":31}},"14":{"start":{"line":49,"column":0},"end":{"line":83,"column":2}},"15":{"start":{"line":50,"column":4},"end":{"line":82,"column":5}},"16":{"start":{"line":51,"column":36},"end":{"line":51,"column":44}},"17":{"start":{"line":53,"column":8},"end":{"line":58,"column":9}},"18":{"start":{"line":54,"column":12},"end":{"line":57,"column":15}},"19":{"start":{"line":61,"column":21},"end":{"line":61,"column":70}},"20":{"start":{"line":62,"column":8},"end":{"line":66,"column":9}},"21":{"start":{"line":63,"column":12},"end":{"line":65,"column":64}},"22":{"start":{"line":69,"column":24},"end":{"line":69,"column":58}},"23":{"start":{"line":70,"column":8},"end":{"line":74,"column":9}},"24":{"start":{"line":71,"column":12},"end":{"line":73,"column":70}},"25":{"start":{"line":76,"column":8},"end":{"line":76,"column":42}},"26":{"start":{"line":78,"column":8},"end":{"line":81,"column":11}},"27":{"start":{"line":88,"column":0},"end":{"line":93,"column":2}},"28":{"start":{"line":89,"column":17},"end":{"line":91,"column":6}},"29":{"start":{"line":92,"column":4},"end":{"line":92,"column":56}},"30":{"start":{"line":98,"column":0},"end":{"line":108,"column":2}},"31":{"start":{"line":99,"column":4},"end":{"line":102,"column":7}},"32":{"start":{"line":104,"column":4},"end":{"line":107,"column":7}}},"fnMap":{"0":{"name":"(anonymous_0)","decl":{"start":{"line":4,"column":26},"end":{"line":4,"column":27}},"loc":{"start":{"line":4,"column":53},"end":{"line":21,"column":1}},"line":4},"1":{"name":"(anonymous_1)","decl":{"start":{"line":26,"column":19},"end":{"line":26,"column":20}},"loc":{"start":{"line":26,"column":45},"end":{"line":44,"column":1}},"line":26},"2":{"name":"(anonymous_2)","decl":{"start":{"line":49,"column":16},"end":{"line":49,"column":17}},"loc":{"start":{"line":49,"column":42},"end":{"line":83,"column":1}},"line":49},"3":{"name":"(anonymous_3)","decl":{"start":{"line":88,"column":16},"end":{"line":88,"column":17}},"loc":{"start":{"line":88,"column":42},"end":{"line":93,"column":1}},"line":88},"4":{"name":"(anonymous_4)","decl":{"start":{"line":98,"column":17},"end":{"line":98,"column":18}},"loc":{"start":{"line":98,"column":43},"end":{"line":108,"column":1}},"line":98}},"branchMap":{"0":{"loc":{"start":{"line":14,"column":4},"end":{"line":16,"column":5}},"type":"if","locations":[{"start":{"line":14,"column":4},"end":{"line":16,"column":5}},{"start":{},"end":{}}],"line":14},"1":{"loc":{"start":{"line":53,"column":8},"end":{"line":58,"column":9}},"type":"if","locations":[{"start":{"line":53,"column":8},"end":{"line":58,"column":9}},{"start":{},"end":{}}],"line":53},"2":{"loc":{"start":{"line":53,"column":12},"end":{"line":53,"column":31}},"type":"binary-expr","locations":[{"start":{"line":53,"column":12},"end":{"line":53,"column":18}},{"start":{"line":53,"column":22},"end":{"line":53,"column":31}}],"line":53},"3":{"loc":{"start":{"line":62,"column":8},"end":{"line":66,"column":9}},"type":"if","locations":[{"start":{"line":62,"column":8},"end":{"line":66,"column":9}},{"start":{},"end":{}}],"line":62},"4":{"loc":{"start":{"line":70,"column":8},"end":{"line":74,"column":9}},"type":"if","locations":[{"start":{"line":70,"column":8},"end":{"line":74,"column":9}},{"start":{},"end":{}}],"line":70}},"s":{"0":2,"1":2,"2":3,"3":3,"4":3,"5":1,"6":3,"7":2,"8":3,"9":3,"10":3,"11":2,"12":1,"13":1,"14":2,"15":5,"16":5,"17":5,"18":1,"19":4,"20":3,"21":1,"22":2,"23":2,"24":1,"25":1,"26":1,"27":2,"28":1,"29":1,"30":2,"31":1,"32":1},"f":{"0":3,"1":3,"2":5,"3":1,"4":1},"b":{"0":[1,2],"1":[1,4],"2":[5,5],"3":[1,2],"4":[1,1]},"_coverageSchema":"1a1c01bbd47fc00a2c39e90264f33305004495a9","hash":"30e1611dd2bd835df03a793bbedbc45d6ba91fef"}
,"D:\\code\\SE\\se-project-be-68-2-kiminoto\\controllers\\bookings.js": {"path":"D:\\code\\SE\\se-project-be-68-2-kiminoto\\controllers\\bookings.js","statementMap":{"0":{"start":{"line":1,"column":16},"end":{"line":1,"column":44}},"1":{"start":{"line":2,"column":20},"end":{"line":2,"column":52}},"2":{"start":{"line":7,"column":0},"end":{"line":46,"column":2}},"3":{"start":{"line":11,"column":4},"end":{"line":31,"column":5}},"4":{"start":{"line":12,"column":8},"end":{"line":15,"column":11}},"5":{"start":{"line":18,"column":8},"end":{"line":30,"column":9}},"6":{"start":{"line":19,"column":12},"end":{"line":24,"column":15}},"7":{"start":{"line":26,"column":12},"end":{"line":29,"column":15}},"8":{"start":{"line":33,"column":4},"end":{"line":45,"column":5}},"9":{"start":{"line":34,"column":25},"end":{"line":34,"column":36}},"10":{"start":{"line":35,"column":8},"end":{"line":39,"column":11}},"11":{"start":{"line":41,"column":8},"end":{"line":44,"column":11}},"12":{"start":{"line":51,"column":0},"end":{"line":75,"column":2}},"13":{"start":{"line":52,"column":4},"end":{"line":74,"column":5}},"14":{"start":{"line":53,"column":24},"end":{"line":56,"column":10}},"15":{"start":{"line":58,"column":8},"end":{"line":63,"column":9}},"16":{"start":{"line":59,"column":12},"end":{"line":62,"column":15}},"17":{"start":{"line":65,"column":8},"end":{"line":68,"column":11}},"18":{"start":{"line":70,"column":8},"end":{"line":70,"column":27}},"19":{"start":{"line":71,"column":8},"end":{"line":73,"column":70}},"20":{"start":{"line":80,"column":0},"end":{"line":128,"column":2}},"21":{"start":{"line":81,"column":4},"end":{"line":127,"column":5}},"22":{"start":{"line":82,"column":8},"end":{"line":82,"column":56}},"23":{"start":{"line":84,"column":28},"end":{"line":86,"column":9}},"24":{"start":{"line":88,"column":8},"end":{"line":93,"column":9}},"25":{"start":{"line":89,"column":12},"end":{"line":92,"column":15}},"26":{"start":{"line":95,"column":8},"end":{"line":95,"column":36}},"27":{"start":{"line":98,"column":32},"end":{"line":100,"column":10}},"28":{"start":{"line":102,"column":31},"end":{"line":104,"column":9}},"29":{"start":{"line":103,"column":19},"end":{"line":103,"column":40}},"30":{"start":{"line":106,"column":8},"end":{"line":111,"column":9}},"31":{"start":{"line":107,"column":12},"end":{"line":110,"column":15}},"32":{"start":{"line":114,"column":8},"end":{"line":114,"column":36}},"33":{"start":{"line":116,"column":24},"end":{"line":116,"column":54}},"34":{"start":{"line":118,"column":8},"end":{"line":121,"column":11}},"35":{"start":{"line":123,"column":8},"end":{"line":123,"column":27}},"36":{"start":{"line":124,"column":8},"end":{"line":126,"column":72}},"37":{"start":{"line":133,"column":0},"end":{"line":173,"column":2}},"38":{"start":{"line":134,"column":4},"end":{"line":172,"column":5}},"39":{"start":{"line":135,"column":22},"end":{"line":135,"column":59}},"40":{"start":{"line":137,"column":8},"end":{"line":142,"column":9}},"41":{"start":{"line":138,"column":12},"end":{"line":141,"column":15}},"42":{"start":{"line":145,"column":8},"end":{"line":153,"column":9}},"43":{"start":{"line":149,"column":12},"end":{"line":152,"column":15}},"44":{"start":{"line":156,"column":8},"end":{"line":156,"column":36}},"45":{"start":{"line":158,"column":8},"end":{"line":161,"column":11}},"46":{"start":{"line":163,"column":8},"end":{"line":166,"column":11}},"47":{"start":{"line":168,"column":8},"end":{"line":168,"column":27}},"48":{"start":{"line":169,"column":8},"end":{"line":171,"column":72}},"49":{"start":{"line":178,"column":0},"end":{"line":212,"column":2}},"50":{"start":{"line":179,"column":4},"end":{"line":211,"column":5}},"51":{"start":{"line":180,"column":24},"end":{"line":180,"column":61}},"52":{"start":{"line":182,"column":8},"end":{"line":187,"column":9}},"53":{"start":{"line":183,"column":12},"end":{"line":186,"column":15}},"54":{"start":{"line":190,"column":8},"end":{"line":198,"column":9}},"55":{"start":{"line":194,"column":12},"end":{"line":197,"column":15}},"56":{"start":{"line":200,"column":8},"end":{"line":200,"column":34}},"57":{"start":{"line":202,"column":8},"end":{"line":205,"column":11}},"58":{"start":{"line":207,"column":8},"end":{"line":207,"column":27}},"59":{"start":{"line":208,"column":8},"end":{"line":210,"column":72}}},"fnMap":{"0":{"name":"(anonymous_0)","decl":{"start":{"line":7,"column":22},"end":{"line":7,"column":23}},"loc":{"start":{"line":7,"column":48},"end":{"line":46,"column":1}},"line":7},"1":{"name":"(anonymous_1)","decl":{"start":{"line":51,"column":21},"end":{"line":51,"column":22}},"loc":{"start":{"line":51,"column":47},"end":{"line":75,"column":1}},"line":51},"2":{"name":"(anonymous_2)","decl":{"start":{"line":80,"column":21},"end":{"line":80,"column":22}},"loc":{"start":{"line":80,"column":47},"end":{"line":128,"column":1}},"line":80},"3":{"name":"(anonymous_3)","decl":{"start":{"line":103,"column":12},"end":{"line":103,"column":13}},"loc":{"start":{"line":103,"column":19},"end":{"line":103,"column":40}},"line":103},"4":{"name":"(anonymous_4)","decl":{"start":{"line":133,"column":24},"end":{"line":133,"column":25}},"loc":{"start":{"line":133,"column":50},"end":{"line":173,"column":1}},"line":133},"5":{"name":"(anonymous_5)","decl":{"start":{"line":178,"column":24},"end":{"line":178,"column":25}},"loc":{"start":{"line":178,"column":50},"end":{"line":212,"column":1}},"line":178}},"branchMap":{"0":{"loc":{"start":{"line":11,"column":4},"end":{"line":31,"column":5}},"type":"if","locations":[{"start":{"line":11,"column":4},"end":{"line":31,"column":5}},{"start":{"line":16,"column":11},"end":{"line":31,"column":5}}],"line":11},"1":{"loc":{"start":{"line":18,"column":8},"end":{"line":30,"column":9}},"type":"if","locations":[{"start":{"line":18,"column":8},"end":{"line":30,"column":9}},{"start":{"line":25,"column":15},"end":{"line":30,"column":9}}],"line":18},"2":{"loc":{"start":{"line":58,"column":8},"end":{"line":63,"column":9}},"type":"if","locations":[{"start":{"line":58,"column":8},"end":{"line":63,"column":9}},{"start":{},"end":{}}],"line":58},"3":{"loc":{"start":{"line":88,"column":8},"end":{"line":93,"column":9}},"type":"if","locations":[{"start":{"line":88,"column":8},"end":{"line":93,"column":9}},{"start":{},"end":{}}],"line":88},"4":{"loc":{"start":{"line":106,"column":8},"end":{"line":111,"column":9}},"type":"if","locations":[{"start":{"line":106,"column":8},"end":{"line":111,"column":9}},{"start":{},"end":{}}],"line":106},"5":{"loc":{"start":{"line":106,"column":12},"end":{"line":106,"column":67}},"type":"binary-expr","locations":[{"start":{"line":106,"column":12},"end":{"line":106,"column":38}},{"start":{"line":106,"column":42},"end":{"line":106,"column":67}}],"line":106},"6":{"loc":{"start":{"line":137,"column":8},"end":{"line":142,"column":9}},"type":"if","locations":[{"start":{"line":137,"column":8},"end":{"line":142,"column":9}},{"start":{},"end":{}}],"line":137},"7":{"loc":{"start":{"line":145,"column":8},"end":{"line":153,"column":9}},"type":"if","locations":[{"start":{"line":145,"column":8},"end":{"line":153,"column":9}},{"start":{},"end":{}}],"line":145},"8":{"loc":{"start":{"line":146,"column":12},"end":{"line":147,"column":37}},"type":"binary-expr","locations":[{"start":{"line":146,"column":12},"end":{"line":146,"column":51}},{"start":{"line":147,"column":12},"end":{"line":147,"column":37}}],"line":146},"9":{"loc":{"start":{"line":182,"column":8},"end":{"line":187,"column":9}},"type":"if","locations":[{"start":{"line":182,"column":8},"end":{"line":187,"column":9}},{"start":{},"end":{}}],"line":182},"10":{"loc":{"start":{"line":190,"column":8},"end":{"line":198,"column":9}},"type":"if","locations":[{"start":{"line":190,"column":8},"end":{"line":198,"column":9}},{"start":{},"end":{}}],"line":190},"11":{"loc":{"start":{"line":191,"column":12},"end":{"line":192,"column":37}},"type":"binary-expr","locations":[{"start":{"line":191,"column":12},"end":{"line":191,"column":51}},{"start":{"line":192,"column":12},"end":{"line":192,"column":37}}],"line":191}},"s":{"0":1,"1":1,"2":1,"3":4,"4":2,"5":2,"6":1,"7":1,"8":4,"9":4,"10":3,"11":1,"12":1,"13":3,"14":3,"15":2,"16":1,"17":1,"18":1,"19":1,"20":1,"21":4,"22":4,"23":4,"24":3,"25":1,"26":2,"27":2,"28":2,"29":3,"30":2,"31":1,"32":1,"33":1,"34":1,"35":1,"36":1,"37":1,"38":4,"39":4,"40":3,"41":1,"42":2,"43":1,"44":1,"45":1,"46":1,"47":1,"48":1,"49":1,"50":4,"51":4,"52":3,"53":1,"54":2,"55":1,"56":1,"57":1,"58":1,"59":1},"f":{"0":4,"1":3,"2":4,"3":3,"4":4,"5":4},"b":{"0":[2,2],"1":[1,1],"2":[1,1],"3":[1,2],"4":[1,1],"5":[2,1],"6":[1,2],"7":[1,1],"8":[2,1],"9":[1,2],"10":[1,1],"11":[2,1]},"_coverageSchema":"1a1c01bbd47fc00a2c39e90264f33305004495a9","hash":"277d039aff2cfa44edd028e645ac67d6baff97a5"}
,"D:\\code\\SE\\se-project-be-68-2-kiminoto\\controllers\\carProviders.js": {"path":"D:\\code\\SE\\se-project-be-68-2-kiminoto\\controllers\\carProviders.js","statementMap":{"0":{"start":{"line":1,"column":20},"end":{"line":1,"column":52}},"1":{"start":{"line":2,"column":16},"end":{"line":2,"column":44}},"2":{"start":{"line":3,"column":13},"end":{"line":3,"column":38}},"3":{"start":{"line":8,"column":0},"end":{"line":95,"column":2}},"4":{"start":{"line":9,"column":4},"end":{"line":94,"column":5}},"5":{"start":{"line":13,"column":25},"end":{"line":13,"column":41}},"6":{"start":{"line":16,"column":29},"end":{"line":16,"column":64}},"7":{"start":{"line":19,"column":8},"end":{"line":19,"column":64}},"8":{"start":{"line":19,"column":40},"end":{"line":19,"column":62}},"9":{"start":{"line":21,"column":23},"end":{"line":21,"column":47}},"10":{"start":{"line":22,"column":8},"end":{"line":25,"column":10}},"11":{"start":{"line":24,"column":23},"end":{"line":24,"column":34}},"12":{"start":{"line":28,"column":8},"end":{"line":31,"column":11}},"13":{"start":{"line":34,"column":8},"end":{"line":37,"column":9}},"14":{"start":{"line":35,"column":27},"end":{"line":35,"column":64}},"15":{"start":{"line":36,"column":12},"end":{"line":36,"column":41}},"16":{"start":{"line":40,"column":8},"end":{"line":45,"column":9}},"17":{"start":{"line":41,"column":27},"end":{"line":41,"column":62}},"18":{"start":{"line":42,"column":12},"end":{"line":42,"column":39}},"19":{"start":{"line":44,"column":12},"end":{"line":44,"column":45}},"20":{"start":{"line":48,"column":21},"end":{"line":48,"column":54}},"21":{"start":{"line":49,"column":22},"end":{"line":49,"column":57}},"22":{"start":{"line":50,"column":27},"end":{"line":50,"column":45}},"23":{"start":{"line":51,"column":25},"end":{"line":51,"column":37}},"24":{"start":{"line":52,"column":22},"end":{"line":52,"column":56}},"25":{"start":{"line":54,"column":8},"end":{"line":54,"column":52}},"26":{"start":{"line":57,"column":29},"end":{"line":57,"column":40}},"27":{"start":{"line":60,"column":27},"end":{"line":60,"column":29}},"28":{"start":{"line":61,"column":8},"end":{"line":66,"column":9}},"29":{"start":{"line":62,"column":12},"end":{"line":65,"column":14}},"30":{"start":{"line":67,"column":8},"end":{"line":72,"column":9}},"31":{"start":{"line":68,"column":12},"end":{"line":71,"column":14}},"32":{"start":{"line":75,"column":21},"end":{"line":84,"column":10}},"33":{"start":{"line":76,"column":32},"end":{"line":76,"column":51}},"34":{"start":{"line":77,"column":28},"end":{"line":79,"column":41}},"35":{"start":{"line":78,"column":28},"end":{"line":78,"column":44}},"36":{"start":{"line":79,"column":31},"end":{"line":79,"column":40}},"37":{"start":{"line":81,"column":12},"end":{"line":82,"column":80}},"38":{"start":{"line":82,"column":43},"end":{"line":82,"column":50}},"39":{"start":{"line":83,"column":12},"end":{"line":83,"column":31}},"40":{"start":{"line":86,"column":8},"end":{"line":91,"column":11}},"41":{"start":{"line":93,"column":8},"end":{"line":93,"column":69}},"42":{"start":{"line":100,"column":0},"end":{"line":130,"column":2}},"43":{"start":{"line":101,"column":4},"end":{"line":129,"column":5}},"44":{"start":{"line":102,"column":28},"end":{"line":105,"column":10}},"45":{"start":{"line":107,"column":8},"end":{"line":112,"column":9}},"46":{"start":{"line":108,"column":12},"end":{"line":111,"column":15}},"47":{"start":{"line":115,"column":28},"end":{"line":115,"column":50}},"48":{"start":{"line":116,"column":24},"end":{"line":118,"column":37}},"49":{"start":{"line":117,"column":24},"end":{"line":117,"column":40}},"50":{"start":{"line":118,"column":27},"end":{"line":118,"column":36}},"51":{"start":{"line":120,"column":8},"end":{"line":121,"column":76}},"52":{"start":{"line":121,"column":39},"end":{"line":121,"column":46}},"53":{"start":{"line":123,"column":8},"end":{"line":126,"column":11}},"54":{"start":{"line":128,"column":8},"end":{"line":128,"column":69}},"55":{"start":{"line":135,"column":0},"end":{"line":142,"column":2}},"56":{"start":{"line":136,"column":4},"end":{"line":141,"column":5}},"57":{"start":{"line":137,"column":28},"end":{"line":137,"column":62}},"58":{"start":{"line":138,"column":8},"end":{"line":138,"column":67}},"59":{"start":{"line":140,"column":8},"end":{"line":140,"column":71}},"60":{"start":{"line":147,"column":0},"end":{"line":172,"column":2}},"61":{"start":{"line":148,"column":4},"end":{"line":171,"column":5}},"62":{"start":{"line":149,"column":28},"end":{"line":156,"column":9}},"63":{"start":{"line":158,"column":8},"end":{"line":163,"column":9}},"64":{"start":{"line":159,"column":12},"end":{"line":162,"column":15}},"65":{"start":{"line":165,"column":8},"end":{"line":168,"column":11}},"66":{"start":{"line":170,"column":8},"end":{"line":170,"column":69}},"67":{"start":{"line":177,"column":0},"end":{"line":198,"column":2}},"68":{"start":{"line":178,"column":4},"end":{"line":197,"column":5}},"69":{"start":{"line":179,"column":28},"end":{"line":179,"column":69}},"70":{"start":{"line":181,"column":8},"end":{"line":186,"column":9}},"71":{"start":{"line":182,"column":12},"end":{"line":185,"column":15}},"72":{"start":{"line":188,"column":8},"end":{"line":188,"column":65}},"73":{"start":{"line":189,"column":8},"end":{"line":189,"column":60}},"74":{"start":{"line":191,"column":8},"end":{"line":194,"column":11}},"75":{"start":{"line":196,"column":8},"end":{"line":196,"column":69}},"76":{"start":{"line":203,"column":0},"end":{"line":313,"column":2}},"77":{"start":{"line":204,"column":4},"end":{"line":312,"column":5}},"78":{"start":{"line":205,"column":28},"end":{"line":216,"column":19}},"79":{"start":{"line":218,"column":8},"end":{"line":223,"column":9}},"80":{"start":{"line":219,"column":12},"end":{"line":222,"column":15}},"81":{"start":{"line":225,"column":27},"end":{"line":229,"column":42}},"82":{"start":{"line":227,"column":29},"end":{"line":227,"column":76}},"83":{"start":{"line":229,"column":30},"end":{"line":229,"column":41}},"84":{"start":{"line":231,"column":28},"end":{"line":231,"column":37}},"85":{"start":{"line":232,"column":31},"end":{"line":232,"column":40}},"86":{"start":{"line":234,"column":8},"end":{"line":268,"column":9}},"87":{"start":{"line":235,"column":34},"end":{"line":260,"column":14}},"88":{"start":{"line":262,"column":12},"end":{"line":267,"column":15}},"89":{"start":{"line":263,"column":16},"end":{"line":266,"column":19}},"90":{"start":{"line":270,"column":8},"end":{"line":281,"column":9}},"91":{"start":{"line":271,"column":30},"end":{"line":276,"column":23}},"92":{"start":{"line":278,"column":12},"end":{"line":280,"column":15}},"93":{"start":{"line":279,"column":16},"end":{"line":279,"column":72}},"94":{"start":{"line":283,"column":28},"end":{"line":304,"column":13}},"95":{"start":{"line":286,"column":20},"end":{"line":286,"column":67}},"96":{"start":{"line":287,"column":36},"end":{"line":292,"column":17}},"97":{"start":{"line":294,"column":16},"end":{"line":300,"column":18}},"98":{"start":{"line":303,"column":29},"end":{"line":303,"column":76}},"99":{"start":{"line":306,"column":8},"end":{"line":306,"column":67}},"100":{"start":{"line":308,"column":8},"end":{"line":308,"column":27}},"101":{"start":{"line":309,"column":8},"end":{"line":311,"column":69}}},"fnMap":{"0":{"name":"(anonymous_0)","decl":{"start":{"line":8,"column":26},"end":{"line":8,"column":27}},"loc":{"start":{"line":8,"column":52},"end":{"line":95,"column":1}},"line":8},"1":{"name":"(anonymous_1)","decl":{"start":{"line":19,"column":29},"end":{"line":19,"column":30}},"loc":{"start":{"line":19,"column":40},"end":{"line":19,"column":62}},"line":19},"2":{"name":"(anonymous_2)","decl":{"start":{"line":24,"column":12},"end":{"line":24,"column":13}},"loc":{"start":{"line":24,"column":23},"end":{"line":24,"column":34}},"line":24},"3":{"name":"(anonymous_3)","decl":{"start":{"line":75,"column":38},"end":{"line":75,"column":39}},"loc":{"start":{"line":75,"column":52},"end":{"line":84,"column":9}},"line":75},"4":{"name":"(anonymous_4)","decl":{"start":{"line":78,"column":21},"end":{"line":78,"column":22}},"loc":{"start":{"line":78,"column":28},"end":{"line":78,"column":44}},"line":78},"5":{"name":"(anonymous_5)","decl":{"start":{"line":79,"column":24},"end":{"line":79,"column":25}},"loc":{"start":{"line":79,"column":31},"end":{"line":79,"column":40}},"line":79},"6":{"name":"(anonymous_6)","decl":{"start":{"line":82,"column":31},"end":{"line":82,"column":32}},"loc":{"start":{"line":82,"column":43},"end":{"line":82,"column":50}},"line":82},"7":{"name":"(anonymous_7)","decl":{"start":{"line":100,"column":25},"end":{"line":100,"column":26}},"loc":{"start":{"line":100,"column":51},"end":{"line":130,"column":1}},"line":100},"8":{"name":"(anonymous_8)","decl":{"start":{"line":117,"column":17},"end":{"line":117,"column":18}},"loc":{"start":{"line":117,"column":24},"end":{"line":117,"column":40}},"line":117},"9":{"name":"(anonymous_9)","decl":{"start":{"line":118,"column":20},"end":{"line":118,"column":21}},"loc":{"start":{"line":118,"column":27},"end":{"line":118,"column":36}},"line":118},"10":{"name":"(anonymous_10)","decl":{"start":{"line":121,"column":27},"end":{"line":121,"column":28}},"loc":{"start":{"line":121,"column":39},"end":{"line":121,"column":46}},"line":121},"11":{"name":"(anonymous_11)","decl":{"start":{"line":135,"column":28},"end":{"line":135,"column":29}},"loc":{"start":{"line":135,"column":54},"end":{"line":142,"column":1}},"line":135},"12":{"name":"(anonymous_12)","decl":{"start":{"line":147,"column":28},"end":{"line":147,"column":29}},"loc":{"start":{"line":147,"column":54},"end":{"line":172,"column":1}},"line":147},"13":{"name":"(anonymous_13)","decl":{"start":{"line":177,"column":28},"end":{"line":177,"column":29}},"loc":{"start":{"line":177,"column":54},"end":{"line":198,"column":1}},"line":177},"14":{"name":"(anonymous_14)","decl":{"start":{"line":203,"column":32},"end":{"line":203,"column":33}},"loc":{"start":{"line":203,"column":58},"end":{"line":313,"column":1}},"line":203},"15":{"name":"(anonymous_15)","decl":{"start":{"line":227,"column":16},"end":{"line":227,"column":17}},"loc":{"start":{"line":227,"column":29},"end":{"line":227,"column":76}},"line":227},"16":{"name":"(anonymous_16)","decl":{"start":{"line":229,"column":17},"end":{"line":229,"column":18}},"loc":{"start":{"line":229,"column":30},"end":{"line":229,"column":41}},"line":229},"17":{"name":"(anonymous_17)","decl":{"start":{"line":262,"column":34},"end":{"line":262,"column":35}},"loc":{"start":{"line":262,"column":47},"end":{"line":267,"column":13}},"line":262},"18":{"name":"(anonymous_18)","decl":{"start":{"line":278,"column":30},"end":{"line":278,"column":31}},"loc":{"start":{"line":278,"column":40},"end":{"line":280,"column":13}},"line":278},"19":{"name":"(anonymous_19)","decl":{"start":{"line":284,"column":17},"end":{"line":284,"column":18}},"loc":{"start":{"line":284,"column":30},"end":{"line":301,"column":13}},"line":284},"20":{"name":"(anonymous_20)","decl":{"start":{"line":303,"column":16},"end":{"line":303,"column":17}},"loc":{"start":{"line":303,"column":29},"end":{"line":303,"column":76}},"line":303}},"branchMap":{"0":{"loc":{"start":{"line":34,"column":8},"end":{"line":37,"column":9}},"type":"if","locations":[{"start":{"line":34,"column":8},"end":{"line":37,"column":9}},{"start":{},"end":{}}],"line":34},"1":{"loc":{"start":{"line":40,"column":8},"end":{"line":45,"column":9}},"type":"if","locations":[{"start":{"line":40,"column":8},"end":{"line":45,"column":9}},{"start":{"line":43,"column":15},"end":{"line":45,"column":9}}],"line":40},"2":{"loc":{"start":{"line":48,"column":21},"end":{"line":48,"column":54}},"type":"binary-expr","locations":[{"start":{"line":48,"column":21},"end":{"line":48,"column":49}},{"start":{"line":48,"column":53},"end":{"line":48,"column":54}}],"line":48},"3":{"loc":{"start":{"line":49,"column":22},"end":{"line":49,"column":57}},"type":"binary-expr","locations":[{"start":{"line":49,"column":22},"end":{"line":49,"column":51}},{"start":{"line":49,"column":55},"end":{"line":49,"column":57}}],"line":49},"4":{"loc":{"start":{"line":61,"column":8},"end":{"line":66,"column":9}},"type":"if","locations":[{"start":{"line":61,"column":8},"end":{"line":66,"column":9}},{"start":{},"end":{}}],"line":61},"5":{"loc":{"start":{"line":67,"column":8},"end":{"line":72,"column":9}},"type":"if","locations":[{"start":{"line":67,"column":8},"end":{"line":72,"column":9}},{"start":{},"end":{}}],"line":67},"6":{"loc":{"start":{"line":77,"column":29},"end":{"line":77,"column":55}},"type":"binary-expr","locations":[{"start":{"line":77,"column":29},"end":{"line":77,"column":49}},{"start":{"line":77,"column":53},"end":{"line":77,"column":55}}],"line":77},"7":{"loc":{"start":{"line":82,"column":16},"end":{"line":82,"column":79}},"type":"binary-expr","locations":[{"start":{"line":82,"column":16},"end":{"line":82,"column":71}},{"start":{"line":82,"column":75},"end":{"line":82,"column":79}}],"line":82},"8":{"loc":{"start":{"line":107,"column":8},"end":{"line":112,"column":9}},"type":"if","locations":[{"start":{"line":107,"column":8},"end":{"line":112,"column":9}},{"start":{},"end":{}}],"line":107},"9":{"loc":{"start":{"line":116,"column":25},"end":{"line":116,"column":51}},"type":"binary-expr","locations":[{"start":{"line":116,"column":25},"end":{"line":116,"column":45}},{"start":{"line":116,"column":49},"end":{"line":116,"column":51}}],"line":116},"10":{"loc":{"start":{"line":121,"column":12},"end":{"line":121,"column":75}},"type":"binary-expr","locations":[{"start":{"line":121,"column":12},"end":{"line":121,"column":67}},{"start":{"line":121,"column":71},"end":{"line":121,"column":75}}],"line":121},"11":{"loc":{"start":{"line":158,"column":8},"end":{"line":163,"column":9}},"type":"if","locations":[{"start":{"line":158,"column":8},"end":{"line":163,"column":9}},{"start":{},"end":{}}],"line":158},"12":{"loc":{"start":{"line":181,"column":8},"end":{"line":186,"column":9}},"type":"if","locations":[{"start":{"line":181,"column":8},"end":{"line":186,"column":9}},{"start":{},"end":{}}],"line":181},"13":{"loc":{"start":{"line":218,"column":8},"end":{"line":223,"column":9}},"type":"if","locations":[{"start":{"line":218,"column":8},"end":{"line":223,"column":9}},{"start":{},"end":{}}],"line":218},"14":{"loc":{"start":{"line":227,"column":29},"end":{"line":227,"column":76}},"type":"binary-expr","locations":[{"start":{"line":227,"column":29},"end":{"line":227,"column":43}},{"start":{"line":227,"column":47},"end":{"line":227,"column":76}}],"line":227},"15":{"loc":{"start":{"line":234,"column":8},"end":{"line":268,"column":9}},"type":"if","locations":[{"start":{"line":234,"column":8},"end":{"line":268,"column":9}},{"start":{},"end":{}}],"line":234},"16":{"loc":{"start":{"line":270,"column":8},"end":{"line":281,"column":9}},"type":"if","locations":[{"start":{"line":270,"column":8},"end":{"line":281,"column":9}},{"start":{},"end":{}}],"line":270},"17":{"loc":{"start":{"line":270,"column":12},"end":{"line":270,"column":45}},"type":"binary-expr","locations":[{"start":{"line":270,"column":12},"end":{"line":270,"column":20}},{"start":{"line":270,"column":24},"end":{"line":270,"column":45}}],"line":270},"18":{"loc":{"start":{"line":286,"column":20},"end":{"line":286,"column":67}},"type":"binary-expr","locations":[{"start":{"line":286,"column":20},"end":{"line":286,"column":59}},{"start":{"line":286,"column":63},"end":{"line":286,"column":67}}],"line":286},"19":{"loc":{"start":{"line":287,"column":36},"end":{"line":292,"column":17}},"type":"binary-expr","locations":[{"start":{"line":287,"column":36},"end":{"line":289,"column":17}},{"start":{"line":289,"column":21},"end":{"line":292,"column":17}}],"line":287},"20":{"loc":{"start":{"line":303,"column":29},"end":{"line":303,"column":76}},"type":"binary-expr","locations":[{"start":{"line":303,"column":29},"end":{"line":303,"column":43}},{"start":{"line":303,"column":47},"end":{"line":303,"column":76}}],"line":303}},"s":{"0":3,"1":3,"2":3,"3":3,"4":4,"5":4,"6":4,"7":4,"8":16,"9":4,"10":4,"11":3,"12":4,"13":4,"14":1,"15":1,"16":4,"17":1,"18":1,"19":3,"20":4,"21":4,"22":4,"23":4,"24":4,"25":4,"26":4,"27":3,"28":3,"29":1,"30":3,"31":1,"32":3,"33":1,"34":1,"35":2,"36":2,"37":1,"38":2,"39":1,"40":3,"41":1,"42":3,"43":3,"44":3,"45":2,"46":1,"47":1,"48":1,"49":1,"50":1,"51":1,"52":1,"53":1,"54":1,"55":3,"56":2,"57":2,"58":1,"59":1,"60":3,"61":3,"62":3,"63":2,"64":1,"65":1,"66":1,"67":3,"68":3,"69":3,"70":2,"71":1,"72":1,"73":1,"74":1,"75":1,"76":3,"77":6,"78":6,"79":5,"80":1,"81":4,"82":8,"83":5,"84":4,"85":4,"86":4,"87":3,"88":3,"89":4,"90":4,"91":2,"92":2,"93":1,"94":4,"95":8,"96":8,"97":8,"98":8,"99":4,"100":1,"101":1},"f":{"0":4,"1":16,"2":3,"3":1,"4":2,"5":2,"6":2,"7":3,"8":1,"9":1,"10":1,"11":2,"12":3,"13":3,"14":6,"15":8,"16":5,"17":4,"18":1,"19":8,"20":8},"b":{"0":[1,3],"1":[1,3],"2":[4,3],"3":[4,3],"4":[1,2],"5":[1,2],"6":[1,0],"7":[1,0],"8":[1,1],"9":[1,0],"10":[1,0],"11":[1,1],"12":[1,1],"13":[1,4],"14":[8,6],"15":[3,1],"16":[2,2],"17":[4,2],"18":[8,7],"19":[8,4],"20":[8,6]},"_coverageSchema":"1a1c01bbd47fc00a2c39e90264f33305004495a9","hash":"edfe9ffa0602167a7378088f9837a2f22e078c3a"}
,"D:\\code\\SE\\se-project-be-68-2-kiminoto\\controllers\\profile.js": {"path":"D:\\code\\SE\\se-project-be-68-2-kiminoto\\controllers\\profile.js","statementMap":{"0":{"start":{"line":1,"column":13},"end":{"line":1,"column":38}},"1":{"start":{"line":3,"column":30},"end":{"line":3,"column":45}},"2":{"start":{"line":4,"column":36},"end":{"line":10,"column":2}},"3":{"start":{"line":12,"column":27},"end":{"line":52,"column":1}},"4":{"start":{"line":13,"column":4},"end":{"line":15,"column":5}},"5":{"start":{"line":14,"column":8},"end":{"line":14,"column":65}},"6":{"start":{"line":17,"column":28},"end":{"line":17,"column":39}},"7":{"start":{"line":18,"column":24},"end":{"line":18,"column":29}},"8":{"start":{"line":20,"column":4},"end":{"line":27,"column":5}},"9":{"start":{"line":21,"column":22},"end":{"line":21,"column":63}},"10":{"start":{"line":22,"column":8},"end":{"line":24,"column":9}},"11":{"start":{"line":23,"column":12},"end":{"line":23,"column":56}},"12":{"start":{"line":25,"column":8},"end":{"line":25,"column":37}},"13":{"start":{"line":26,"column":8},"end":{"line":26,"column":33}},"14":{"start":{"line":29,"column":4},"end":{"line":31,"column":5}},"15":{"start":{"line":30,"column":8},"end":{"line":30,"column":69}},"16":{"start":{"line":33,"column":4},"end":{"line":35,"column":5}},"17":{"start":{"line":34,"column":8},"end":{"line":34,"column":51}},"18":{"start":{"line":37,"column":28},"end":{"line":37,"column":60}},"19":{"start":{"line":38,"column":26},"end":{"line":38,"column":64}},"20":{"start":{"line":40,"column":4},"end":{"line":42,"column":5}},"21":{"start":{"line":41,"column":8},"end":{"line":41,"column":51}},"22":{"start":{"line":44,"column":4},"end":{"line":46,"column":5}},"23":{"start":{"line":45,"column":8},"end":{"line":45,"column":52}},"24":{"start":{"line":48,"column":4},"end":{"line":51,"column":6}},"25":{"start":{"line":54,"column":27},"end":{"line":62,"column":1}},"26":{"start":{"line":55,"column":4},"end":{"line":58,"column":6}},"27":{"start":{"line":59,"column":4},"end":{"line":59,"column":60}},"28":{"start":{"line":60,"column":4},"end":{"line":60,"column":43}},"29":{"start":{"line":61,"column":4},"end":{"line":61,"column":38}},"30":{"start":{"line":67,"column":0},"end":{"line":88,"column":2}},"31":{"start":{"line":68,"column":4},"end":{"line":87,"column":5}},"32":{"start":{"line":69,"column":21},"end":{"line":71,"column":9}},"33":{"start":{"line":73,"column":8},"end":{"line":79,"column":9}},"34":{"start":{"line":74,"column":12},"end":{"line":77,"column":15}},"35":{"start":{"line":78,"column":12},"end":{"line":78,"column":19}},"36":{"start":{"line":81,"column":8},"end":{"line":84,"column":11}},"37":{"start":{"line":86,"column":8},"end":{"line":86,"column":69}},"38":{"start":{"line":93,"column":0},"end":{"line":120,"column":2}},"39":{"start":{"line":94,"column":4},"end":{"line":119,"column":5}},"40":{"start":{"line":95,"column":39},"end":{"line":95,"column":47}},"41":{"start":{"line":96,"column":57},"end":{"line":99,"column":9}},"42":{"start":{"line":101,"column":21},"end":{"line":101,"column":78}},"43":{"start":{"line":102,"column":8},"end":{"line":102,"column":42}},"44":{"start":{"line":103,"column":8},"end":{"line":106,"column":10}},"45":{"start":{"line":108,"column":8},"end":{"line":108,"column":26}},"46":{"start":{"line":110,"column":8},"end":{"line":116,"column":11}},"47":{"start":{"line":118,"column":8},"end":{"line":118,"column":69}},"48":{"start":{"line":125,"column":0},"end":{"line":142,"column":2}},"49":{"start":{"line":126,"column":4},"end":{"line":141,"column":5}},"50":{"start":{"line":127,"column":21},"end":{"line":127,"column":78}},"51":{"start":{"line":128,"column":23},"end":{"line":128,"column":66}},"52":{"start":{"line":130,"column":8},"end":{"line":136,"column":9}},"53":{"start":{"line":131,"column":12},"end":{"line":134,"column":15}},"54":{"start":{"line":135,"column":12},"end":{"line":135,"column":19}},"55":{"start":{"line":138,"column":8},"end":{"line":138,"column":61}},"56":{"start":{"line":140,"column":8},"end":{"line":140,"column":69}},"57":{"start":{"line":147,"column":0},"end":{"line":167,"column":2}},"58":{"start":{"line":148,"column":4},"end":{"line":166,"column":5}},"59":{"start":{"line":149,"column":21},"end":{"line":151,"column":9}},"60":{"start":{"line":153,"column":23},"end":{"line":153,"column":66}},"61":{"start":{"line":155,"column":8},"end":{"line":161,"column":9}},"62":{"start":{"line":156,"column":12},"end":{"line":159,"column":15}},"63":{"start":{"line":160,"column":12},"end":{"line":160,"column":19}},"64":{"start":{"line":163,"column":8},"end":{"line":163,"column":63}},"65":{"start":{"line":165,"column":8},"end":{"line":165,"column":69}},"66":{"start":{"line":172,"column":0},"end":{"line":199,"column":2}},"67":{"start":{"line":173,"column":4},"end":{"line":198,"column":5}},"68":{"start":{"line":174,"column":21},"end":{"line":174,"column":78}},"69":{"start":{"line":176,"column":12},"end":{"line":179,"column":36}},"70":{"start":{"line":181,"column":8},"end":{"line":187,"column":9}},"71":{"start":{"line":182,"column":12},"end":{"line":185,"column":15}},"72":{"start":{"line":186,"column":12},"end":{"line":186,"column":19}},"73":{"start":{"line":189,"column":8},"end":{"line":189,"column":33}},"74":{"start":{"line":190,"column":8},"end":{"line":190,"column":26}},"75":{"start":{"line":192,"column":8},"end":{"line":195,"column":11}},"76":{"start":{"line":197,"column":8},"end":{"line":197,"column":69}},"77":{"start":{"line":204,"column":0},"end":{"line":227,"column":2}},"78":{"start":{"line":205,"column":4},"end":{"line":226,"column":5}},"79":{"start":{"line":206,"column":31},"end":{"line":206,"column":39}},"80":{"start":{"line":208,"column":29},"end":{"line":208,"column":76}},"81":{"start":{"line":208,"column":67},"end":{"line":208,"column":75}},"82":{"start":{"line":210,"column":8},"end":{"line":218,"column":9}},"83":{"start":{"line":212,"column":26},"end":{"line":212,"column":51}},"84":{"start":{"line":213,"column":12},"end":{"line":213,"column":53}},"85":{"start":{"line":214,"column":12},"end":{"line":214,"column":57}},"86":{"start":{"line":217,"column":12},"end":{"line":217,"column":69}},"87":{"start":{"line":220,"column":8},"end":{"line":220,"column":30}},"88":{"start":{"line":223,"column":8},"end":{"line":223,"column":64}},"89":{"start":{"line":225,"column":8},"end":{"line":225,"column":69}},"90":{"start":{"line":232,"column":0},"end":{"line":255,"column":2}},"91":{"start":{"line":233,"column":4},"end":{"line":254,"column":5}},"92":{"start":{"line":234,"column":24},"end":{"line":234,"column":32}},"93":{"start":{"line":236,"column":29},"end":{"line":236,"column":76}},"94":{"start":{"line":236,"column":67},"end":{"line":236,"column":75}},"95":{"start":{"line":238,"column":8},"end":{"line":246,"column":9}},"96":{"start":{"line":240,"column":26},"end":{"line":240,"column":51}},"97":{"start":{"line":241,"column":12},"end":{"line":241,"column":53}},"98":{"start":{"line":244,"column":12},"end":{"line":244,"column":80}},"99":{"start":{"line":245,"column":12},"end":{"line":245,"column":19}},"100":{"start":{"line":248,"column":8},"end":{"line":248,"column":30}},"101":{"start":{"line":251,"column":8},"end":{"line":251,"column":64}},"102":{"start":{"line":253,"column":8},"end":{"line":253,"column":69}}},"fnMap":{"0":{"name":"(anonymous_0)","decl":{"start":{"line":12,"column":27},"end":{"line":12,"column":28}},"loc":{"start":{"line":12,"column":51},"end":{"line":52,"column":1}},"line":12},"1":{"name":"(anonymous_1)","decl":{"start":{"line":54,"column":27},"end":{"line":54,"column":28}},"loc":{"start":{"line":54,"column":58},"end":{"line":62,"column":1}},"line":54},"2":{"name":"(anonymous_2)","decl":{"start":{"line":67,"column":27},"end":{"line":67,"column":28}},"loc":{"start":{"line":67,"column":53},"end":{"line":88,"column":1}},"line":67},"3":{"name":"(anonymous_3)","decl":{"start":{"line":93,"column":23},"end":{"line":93,"column":24}},"loc":{"start":{"line":93,"column":49},"end":{"line":120,"column":1}},"line":93},"4":{"name":"(anonymous_4)","decl":{"start":{"line":125,"column":20},"end":{"line":125,"column":21}},"loc":{"start":{"line":125,"column":46},"end":{"line":142,"column":1}},"line":125},"5":{"name":"(anonymous_5)","decl":{"start":{"line":147,"column":24},"end":{"line":147,"column":25}},"loc":{"start":{"line":147,"column":50},"end":{"line":167,"column":1}},"line":147},"6":{"name":"(anonymous_6)","decl":{"start":{"line":172,"column":23},"end":{"line":172,"column":24}},"loc":{"start":{"line":172,"column":49},"end":{"line":199,"column":1}},"line":172},"7":{"name":"(anonymous_7)","decl":{"start":{"line":204,"column":27},"end":{"line":204,"column":28}},"loc":{"start":{"line":204,"column":53},"end":{"line":227,"column":1}},"line":204},"8":{"name":"(anonymous_8)","decl":{"start":{"line":208,"column":57},"end":{"line":208,"column":58}},"loc":{"start":{"line":208,"column":67},"end":{"line":208,"column":75}},"line":208},"9":{"name":"(anonymous_9)","decl":{"start":{"line":232,"column":29},"end":{"line":232,"column":30}},"loc":{"start":{"line":232,"column":55},"end":{"line":255,"column":1}},"line":232},"10":{"name":"(anonymous_10)","decl":{"start":{"line":236,"column":57},"end":{"line":236,"column":58}},"loc":{"start":{"line":236,"column":67},"end":{"line":236,"column":75}},"line":236}},"branchMap":{"0":{"loc":{"start":{"line":13,"column":4},"end":{"line":15,"column":5}},"type":"if","locations":[{"start":{"line":13,"column":4},"end":{"line":15,"column":5}},{"start":{},"end":{}}],"line":13},"1":{"loc":{"start":{"line":13,"column":8},"end":{"line":13,"column":43}},"type":"binary-expr","locations":[{"start":{"line":13,"column":8},"end":{"line":13,"column":14}},{"start":{"line":13,"column":18},"end":{"line":13,"column":43}}],"line":13},"2":{"loc":{"start":{"line":20,"column":4},"end":{"line":27,"column":5}},"type":"if","locations":[{"start":{"line":20,"column":4},"end":{"line":27,"column":5}},{"start":{},"end":{}}],"line":20},"3":{"loc":{"start":{"line":22,"column":8},"end":{"line":24,"column":9}},"type":"if","locations":[{"start":{"line":22,"column":8},"end":{"line":24,"column":9}},{"start":{},"end":{}}],"line":22},"4":{"loc":{"start":{"line":29,"column":4},"end":{"line":31,"column":5}},"type":"if","locations":[{"start":{"line":29,"column":4},"end":{"line":31,"column":5}},{"start":{},"end":{}}],"line":29},"5":{"loc":{"start":{"line":29,"column":8},"end":{"line":29,"column":67}},"type":"binary-expr","locations":[{"start":{"line":29,"column":8},"end":{"line":29,"column":26}},{"start":{"line":29,"column":30},"end":{"line":29,"column":67}}],"line":29},"6":{"loc":{"start":{"line":33,"column":4},"end":{"line":35,"column":5}},"type":"if","locations":[{"start":{"line":33,"column":4},"end":{"line":35,"column":5}},{"start":{},"end":{}}],"line":33},"7":{"loc":{"start":{"line":40,"column":4},"end":{"line":42,"column":5}},"type":"if","locations":[{"start":{"line":40,"column":4},"end":{"line":42,"column":5}},{"start":{},"end":{}}],"line":40},"8":{"loc":{"start":{"line":44,"column":4},"end":{"line":46,"column":5}},"type":"if","locations":[{"start":{"line":44,"column":4},"end":{"line":46,"column":5}},{"start":{},"end":{}}],"line":44},"9":{"loc":{"start":{"line":57,"column":8},"end":{"line":57,"column":56}},"type":"binary-expr","locations":[{"start":{"line":57,"column":8},"end":{"line":57,"column":26}},{"start":{"line":57,"column":30},"end":{"line":57,"column":56}}],"line":57},"10":{"loc":{"start":{"line":73,"column":8},"end":{"line":79,"column":9}},"type":"if","locations":[{"start":{"line":73,"column":8},"end":{"line":79,"column":9}},{"start":{},"end":{}}],"line":73},"11":{"loc":{"start":{"line":102,"column":23},"end":{"line":102,"column":41}},"type":"binary-expr","locations":[{"start":{"line":102,"column":23},"end":{"line":102,"column":35}},{"start":{"line":102,"column":39},"end":{"line":102,"column":41}}],"line":102},"12":{"loc":{"start":{"line":128,"column":23},"end":{"line":128,"column":66}},"type":"binary-expr","locations":[{"start":{"line":128,"column":23},"end":{"line":128,"column":27}},{"start":{"line":128,"column":31},"end":{"line":128,"column":43}},{"start":{"line":128,"column":47},"end":{"line":128,"column":66}}],"line":128},"13":{"loc":{"start":{"line":130,"column":8},"end":{"line":136,"column":9}},"type":"if","locations":[{"start":{"line":130,"column":8},"end":{"line":136,"column":9}},{"start":{},"end":{}}],"line":130},"14":{"loc":{"start":{"line":130,"column":12},"end":{"line":130,"column":35}},"type":"binary-expr","locations":[{"start":{"line":130,"column":12},"end":{"line":130,"column":19}},{"start":{"line":130,"column":23},"end":{"line":130,"column":35}}],"line":130},"15":{"loc":{"start":{"line":153,"column":23},"end":{"line":153,"column":66}},"type":"binary-expr","locations":[{"start":{"line":153,"column":23},"end":{"line":153,"column":27}},{"start":{"line":153,"column":31},"end":{"line":153,"column":43}},{"start":{"line":153,"column":47},"end":{"line":153,"column":66}}],"line":153},"16":{"loc":{"start":{"line":155,"column":8},"end":{"line":161,"column":9}},"type":"if","locations":[{"start":{"line":155,"column":8},"end":{"line":161,"column":9}},{"start":{},"end":{}}],"line":155},"17":{"loc":{"start":{"line":155,"column":12},"end":{"line":155,"column":44}},"type":"binary-expr","locations":[{"start":{"line":155,"column":12},"end":{"line":155,"column":17}},{"start":{"line":155,"column":21},"end":{"line":155,"column":28}},{"start":{"line":155,"column":32},"end":{"line":155,"column":44}}],"line":155},"18":{"loc":{"start":{"line":176,"column":12},"end":{"line":179,"column":36}},"type":"binary-expr","locations":[{"start":{"line":176,"column":12},"end":{"line":176,"column":16}},{"start":{"line":177,"column":12},"end":{"line":177,"column":24}},{"start":{"line":178,"column":12},"end":{"line":178,"column":31}},{"start":{"line":179,"column":12},"end":{"line":179,"column":36}}],"line":176},"19":{"loc":{"start":{"line":181,"column":8},"end":{"line":187,"column":9}},"type":"if","locations":[{"start":{"line":181,"column":8},"end":{"line":187,"column":9}},{"start":{},"end":{}}],"line":181},"20":{"loc":{"start":{"line":210,"column":8},"end":{"line":218,"column":9}},"type":"if","locations":[{"start":{"line":210,"column":8},"end":{"line":218,"column":9}},{"start":{"line":215,"column":15},"end":{"line":218,"column":9}}],"line":210},"21":{"loc":{"start":{"line":238,"column":8},"end":{"line":246,"column":9}},"type":"if","locations":[{"start":{"line":238,"column":8},"end":{"line":246,"column":9}},{"start":{"line":242,"column":15},"end":{"line":246,"column":9}}],"line":238}},"s":{"0":4,"1":4,"2":4,"3":4,"4":8,"5":1,"6":7,"7":7,"8":7,"9":2,"10":2,"11":1,"12":1,"13":1,"14":6,"15":1,"16":5,"17":1,"18":4,"19":4,"20":4,"21":1,"22":3,"23":1,"24":2,"25":4,"26":2,"27":2,"28":2,"29":2,"30":4,"31":3,"32":3,"33":2,"34":1,"35":1,"36":1,"37":1,"38":4,"39":8,"40":8,"41":8,"42":2,"43":2,"44":2,"45":2,"46":2,"47":6,"48":4,"49":3,"50":3,"51":2,"52":2,"53":1,"54":1,"55":1,"56":1,"57":4,"58":3,"59":3,"60":2,"61":2,"62":1,"63":1,"64":1,"65":1,"66":4,"67":3,"68":3,"69":2,"70":2,"71":1,"72":1,"73":1,"74":1,"75":1,"76":1,"77":4,"78":3,"79":3,"80":3,"81":3,"82":3,"83":2,"84":2,"85":2,"86":1,"87":3,"88":2,"89":1,"90":4,"91":3,"92":3,"93":3,"94":4,"95":3,"96":2,"97":2,"98":1,"99":1,"100":2,"101":1,"102":1},"f":{"0":8,"1":2,"2":3,"3":8,"4":3,"5":3,"6":3,"7":3,"8":3,"9":3,"10":4},"b":{"0":[1,7],"1":[8,7],"2":[2,5],"3":[1,1],"4":[1,5],"5":[6,5],"6":[1,4],"7":[1,3],"8":[1,2],"9":[2,0],"10":[1,1],"11":[2,0],"12":[2,2,2],"13":[1,1],"14":[2,2],"15":[2,1,1],"16":[1,1],"17":[2,1,1],"18":[2,2,2,2],"19":[1,1],"20":[2,1],"21":[2,1]},"_coverageSchema":"1a1c01bbd47fc00a2c39e90264f33305004495a9","hash":"9299c8dffc236af65412b209a9ccfb909a6bd8be"}
,"D:\\code\\SE\\se-project-be-68-2-kiminoto\\controllers\\reviews.js": {"path":"D:\\code\\SE\\se-project-be-68-2-kiminoto\\controllers\\reviews.js","statementMap":{"0":{"start":{"line":1,"column":16},"end":{"line":1,"column":44}},"1":{"start":{"line":2,"column":15},"end":{"line":2,"column":32}},"2":{"start":{"line":4,"column":0},"end":{"line":4,"column":47}},"3":{"start":{"line":7,"column":19},"end":{"line":34,"column":5}},"4":{"start":{"line":36,"column":17},"end":{"line":36,"column":36}},"5":{"start":{"line":38,"column":4},"end":{"line":38,"column":31}},"6":{"start":{"line":40,"column":4},"end":{"line":43,"column":6}},"7":{"start":{"line":49,"column":0},"end":{"line":131,"column":2}},"8":{"start":{"line":50,"column":4},"end":{"line":130,"column":5}},"9":{"start":{"line":51,"column":24},"end":{"line":51,"column":68}},"10":{"start":{"line":53,"column":8},"end":{"line":58,"column":9}},"11":{"start":{"line":54,"column":12},"end":{"line":57,"column":15}},"12":{"start":{"line":61,"column":8},"end":{"line":69,"column":9}},"13":{"start":{"line":65,"column":12},"end":{"line":68,"column":15}},"14":{"start":{"line":72,"column":8},"end":{"line":77,"column":9}},"15":{"start":{"line":73,"column":12},"end":{"line":76,"column":15}},"16":{"start":{"line":80,"column":8},"end":{"line":85,"column":9}},"17":{"start":{"line":81,"column":12},"end":{"line":84,"column":15}},"18":{"start":{"line":87,"column":36},"end":{"line":87,"column":44}},"19":{"start":{"line":89,"column":8},"end":{"line":94,"column":9}},"20":{"start":{"line":90,"column":12},"end":{"line":93,"column":15}},"21":{"start":{"line":98,"column":8},"end":{"line":105,"column":9}},"22":{"start":{"line":99,"column":12},"end":{"line":99,"column":62}},"23":{"start":{"line":101,"column":12},"end":{"line":101,"column":67}},"24":{"start":{"line":102,"column":12},"end":{"line":104,"column":86}},"25":{"start":{"line":106,"column":8},"end":{"line":113,"column":9}},"26":{"start":{"line":107,"column":12},"end":{"line":112,"column":15}},"27":{"start":{"line":115,"column":8},"end":{"line":120,"column":10}},"28":{"start":{"line":122,"column":8},"end":{"line":122,"column":29}},"29":{"start":{"line":124,"column":8},"end":{"line":124,"column":63}},"30":{"start":{"line":126,"column":8},"end":{"line":126,"column":27}},"31":{"start":{"line":127,"column":8},"end":{"line":129,"column":71}},"32":{"start":{"line":136,"column":0},"end":{"line":197,"column":2}},"33":{"start":{"line":137,"column":4},"end":{"line":196,"column":5}},"34":{"start":{"line":138,"column":24},"end":{"line":138,"column":68}},"35":{"start":{"line":140,"column":8},"end":{"line":145,"column":9}},"36":{"start":{"line":141,"column":12},"end":{"line":144,"column":15}},"37":{"start":{"line":148,"column":8},"end":{"line":156,"column":9}},"38":{"start":{"line":152,"column":12},"end":{"line":155,"column":15}},"39":{"start":{"line":159,"column":8},"end":{"line":164,"column":9}},"40":{"start":{"line":160,"column":12},"end":{"line":163,"column":15}},"41":{"start":{"line":166,"column":36},"end":{"line":166,"column":44}},"42":{"start":{"line":169,"column":8},"end":{"line":179,"column":9}},"43":{"start":{"line":170,"column":37},"end":{"line":170,"column":67}},"44":{"start":{"line":171,"column":12},"end":{"line":178,"column":13}},"45":{"start":{"line":172,"column":16},"end":{"line":177,"column":19}},"46":{"start":{"line":181,"column":8},"end":{"line":181,"column":59}},"47":{"start":{"line":181,"column":28},"end":{"line":181,"column":59}},"48":{"start":{"line":182,"column":8},"end":{"line":182,"column":62}},"49":{"start":{"line":182,"column":29},"end":{"line":182,"column":62}},"50":{"start":{"line":183,"column":8},"end":{"line":183,"column":46}},"51":{"start":{"line":185,"column":8},"end":{"line":185,"column":29}},"52":{"start":{"line":187,"column":8},"end":{"line":190,"column":11}},"53":{"start":{"line":192,"column":8},"end":{"line":192,"column":27}},"54":{"start":{"line":193,"column":8},"end":{"line":195,"column":71}},"55":{"start":{"line":202,"column":0},"end":{"line":242,"column":2}},"56":{"start":{"line":203,"column":4},"end":{"line":241,"column":5}},"57":{"start":{"line":204,"column":24},"end":{"line":204,"column":68}},"58":{"start":{"line":206,"column":8},"end":{"line":211,"column":9}},"59":{"start":{"line":207,"column":12},"end":{"line":210,"column":15}},"60":{"start":{"line":214,"column":8},"end":{"line":222,"column":9}},"61":{"start":{"line":218,"column":12},"end":{"line":221,"column":15}},"62":{"start":{"line":225,"column":8},"end":{"line":230,"column":9}},"63":{"start":{"line":226,"column":12},"end":{"line":229,"column":15}},"64":{"start":{"line":232,"column":8},"end":{"line":232,"column":35}},"65":{"start":{"line":233,"column":8},"end":{"line":233,"column":29}},"66":{"start":{"line":235,"column":8},"end":{"line":235,"column":58}},"67":{"start":{"line":237,"column":8},"end":{"line":237,"column":27}},"68":{"start":{"line":238,"column":8},"end":{"line":240,"column":71}}},"fnMap":{"0":{"name":"moderateContent","decl":{"start":{"line":6,"column":15},"end":{"line":6,"column":30}},"loc":{"start":{"line":6,"column":37},"end":{"line":44,"column":1}},"line":6},"1":{"name":"(anonymous_1)","decl":{"start":{"line":49,"column":20},"end":{"line":49,"column":21}},"loc":{"start":{"line":49,"column":46},"end":{"line":131,"column":1}},"line":49},"2":{"name":"(anonymous_2)","decl":{"start":{"line":136,"column":23},"end":{"line":136,"column":24}},"loc":{"start":{"line":136,"column":49},"end":{"line":197,"column":1}},"line":136},"3":{"name":"(anonymous_3)","decl":{"start":{"line":202,"column":23},"end":{"line":202,"column":24}},"loc":{"start":{"line":202,"column":49},"end":{"line":242,"column":1}},"line":202}},"branchMap":{"0":{"loc":{"start":{"line":42,"column":16},"end":{"line":42,"column":67}},"type":"binary-expr","locations":[{"start":{"line":42,"column":16},"end":{"line":42,"column":61}},{"start":{"line":42,"column":65},"end":{"line":42,"column":67}}],"line":42},"1":{"loc":{"start":{"line":53,"column":8},"end":{"line":58,"column":9}},"type":"if","locations":[{"start":{"line":53,"column":8},"end":{"line":58,"column":9}},{"start":{},"end":{}}],"line":53},"2":{"loc":{"start":{"line":61,"column":8},"end":{"line":69,"column":9}},"type":"if","locations":[{"start":{"line":61,"column":8},"end":{"line":69,"column":9}},{"start":{},"end":{}}],"line":61},"3":{"loc":{"start":{"line":62,"column":12},"end":{"line":63,"column":37}},"type":"binary-expr","locations":[{"start":{"line":62,"column":12},"end":{"line":62,"column":51}},{"start":{"line":63,"column":12},"end":{"line":63,"column":37}}],"line":62},"4":{"loc":{"start":{"line":72,"column":8},"end":{"line":77,"column":9}},"type":"if","locations":[{"start":{"line":72,"column":8},"end":{"line":77,"column":9}},{"start":{},"end":{}}],"line":72},"5":{"loc":{"start":{"line":80,"column":8},"end":{"line":85,"column":9}},"type":"if","locations":[{"start":{"line":80,"column":8},"end":{"line":85,"column":9}},{"start":{},"end":{}}],"line":80},"6":{"loc":{"start":{"line":80,"column":12},"end":{"line":80,"column":59}},"type":"binary-expr","locations":[{"start":{"line":80,"column":12},"end":{"line":80,"column":26}},{"start":{"line":80,"column":30},"end":{"line":80,"column":59}}],"line":80},"7":{"loc":{"start":{"line":89,"column":8},"end":{"line":94,"column":9}},"type":"if","locations":[{"start":{"line":89,"column":8},"end":{"line":94,"column":9}},{"start":{},"end":{}}],"line":89},"8":{"loc":{"start":{"line":89,"column":12},"end":{"line":89,"column":59}},"type":"binary-expr","locations":[{"start":{"line":89,"column":12},"end":{"line":89,"column":19}},{"start":{"line":89,"column":23},"end":{"line":89,"column":31}},{"start":{"line":89,"column":35},"end":{"line":89,"column":45}},{"start":{"line":89,"column":49},"end":{"line":89,"column":59}}],"line":89},"9":{"loc":{"start":{"line":106,"column":8},"end":{"line":113,"column":9}},"type":"if","locations":[{"start":{"line":106,"column":8},"end":{"line":113,"column":9}},{"start":{},"end":{}}],"line":106},"10":{"loc":{"start":{"line":140,"column":8},"end":{"line":145,"column":9}},"type":"if","locations":[{"start":{"line":140,"column":8},"end":{"line":145,"column":9}},{"start":{},"end":{}}],"line":140},"11":{"loc":{"start":{"line":148,"column":8},"end":{"line":156,"column":9}},"type":"if","locations":[{"start":{"line":148,"column":8},"end":{"line":156,"column":9}},{"start":{},"end":{}}],"line":148},"12":{"loc":{"start":{"line":149,"column":12},"end":{"line":150,"column":37}},"type":"binary-expr","locations":[{"start":{"line":149,"column":12},"end":{"line":149,"column":51}},{"start":{"line":150,"column":12},"end":{"line":150,"column":37}}],"line":149},"13":{"loc":{"start":{"line":159,"column":8},"end":{"line":164,"column":9}},"type":"if","locations":[{"start":{"line":159,"column":8},"end":{"line":164,"column":9}},{"start":{},"end":{}}],"line":159},"14":{"loc":{"start":{"line":159,"column":12},"end":{"line":159,"column":60}},"type":"binary-expr","locations":[{"start":{"line":159,"column":12},"end":{"line":159,"column":27}},{"start":{"line":159,"column":31},"end":{"line":159,"column":60}}],"line":159},"15":{"loc":{"start":{"line":169,"column":8},"end":{"line":179,"column":9}},"type":"if","locations":[{"start":{"line":169,"column":8},"end":{"line":179,"column":9}},{"start":{},"end":{}}],"line":169},"16":{"loc":{"start":{"line":171,"column":12},"end":{"line":178,"column":13}},"type":"if","locations":[{"start":{"line":171,"column":12},"end":{"line":178,"column":13}},{"start":{},"end":{}}],"line":171},"17":{"loc":{"start":{"line":181,"column":8},"end":{"line":181,"column":59}},"type":"if","locations":[{"start":{"line":181,"column":8},"end":{"line":181,"column":59}},{"start":{},"end":{}}],"line":181},"18":{"loc":{"start":{"line":182,"column":8},"end":{"line":182,"column":62}},"type":"if","locations":[{"start":{"line":182,"column":8},"end":{"line":182,"column":62}},{"start":{},"end":{}}],"line":182},"19":{"loc":{"start":{"line":206,"column":8},"end":{"line":211,"column":9}},"type":"if","locations":[{"start":{"line":206,"column":8},"end":{"line":211,"column":9}},{"start":{},"end":{}}],"line":206},"20":{"loc":{"start":{"line":214,"column":8},"end":{"line":222,"column":9}},"type":"if","locations":[{"start":{"line":214,"column":8},"end":{"line":222,"column":9}},{"start":{},"end":{}}],"line":214},"21":{"loc":{"start":{"line":215,"column":12},"end":{"line":216,"column":37}},"type":"binary-expr","locations":[{"start":{"line":215,"column":12},"end":{"line":215,"column":51}},{"start":{"line":216,"column":12},"end":{"line":216,"column":37}}],"line":215},"22":{"loc":{"start":{"line":225,"column":8},"end":{"line":230,"column":9}},"type":"if","locations":[{"start":{"line":225,"column":8},"end":{"line":230,"column":9}},{"start":{},"end":{}}],"line":225},"23":{"loc":{"start":{"line":225,"column":12},"end":{"line":225,"column":60}},"type":"binary-expr","locations":[{"start":{"line":225,"column":12},"end":{"line":225,"column":27}},{"start":{"line":225,"column":31},"end":{"line":225,"column":60}}],"line":225}},"s":{"0":1,"1":1,"2":1,"3":5,"4":3,"5":3,"6":3,"7":1,"8":9,"9":9,"10":8,"11":1,"12":7,"13":1,"14":6,"15":1,"16":5,"17":1,"18":4,"19":4,"20":1,"21":3,"22":3,"23":1,"24":1,"25":2,"26":1,"27":1,"28":1,"29":1,"30":1,"31":1,"32":1,"33":6,"34":6,"35":6,"36":1,"37":5,"38":1,"39":4,"40":1,"41":3,"42":3,"43":2,"44":1,"45":1,"46":1,"47":1,"48":1,"49":0,"50":1,"51":1,"52":1,"53":1,"54":1,"55":1,"56":5,"57":5,"58":4,"59":1,"60":3,"61":1,"62":2,"63":1,"64":1,"65":1,"66":1,"67":1,"68":1},"f":{"0":5,"1":9,"2":6,"3":5},"b":{"0":[3,1],"1":[1,7],"2":[1,6],"3":[7,1],"4":[1,5],"5":[1,4],"6":[5,1],"7":[1,3],"8":[4,3,3,3],"9":[1,1],"10":[1,5],"11":[1,4],"12":[5,1],"13":[1,3],"14":[4,3],"15":[2,1],"16":[1,0],"17":[1,0],"18":[0,1],"19":[1,3],"20":[1,2],"21":[3,1],"22":[1,1],"23":[2,1]},"_coverageSchema":"1a1c01bbd47fc00a2c39e90264f33305004495a9","hash":"a77ccced79ad18dc3b19870a36f8d85b1e340fe8"}
,"D:\\code\\SE\\se-project-be-68-2-kiminoto\\controllers\\votes.js": {"path":"D:\\code\\SE\\se-project-be-68-2-kiminoto\\controllers\\votes.js","statementMap":{"0":{"start":{"line":1,"column":13},"end":{"line":1,"column":38}},"1":{"start":{"line":2,"column":16},"end":{"line":2,"column":44}},"2":{"start":{"line":7,"column":0},"end":{"line":63,"column":2}},"3":{"start":{"line":8,"column":4},"end":{"line":62,"column":5}},"4":{"start":{"line":9,"column":30},"end":{"line":9,"column":40}},"5":{"start":{"line":10,"column":23},"end":{"line":10,"column":34}},"6":{"start":{"line":12,"column":24},"end":{"line":12,"column":57}},"7":{"start":{"line":13,"column":8},"end":{"line":18,"column":9}},"8":{"start":{"line":14,"column":12},"end":{"line":17,"column":15}},"9":{"start":{"line":20,"column":8},"end":{"line":25,"column":9}},"10":{"start":{"line":21,"column":12},"end":{"line":24,"column":15}},"11":{"start":{"line":27,"column":29},"end":{"line":31,"column":10}},"12":{"start":{"line":33,"column":8},"end":{"line":38,"column":9}},"13":{"start":{"line":34,"column":12},"end":{"line":37,"column":15}},"14":{"start":{"line":40,"column":8},"end":{"line":44,"column":11}},"15":{"start":{"line":46,"column":25},"end":{"line":50,"column":10}},"16":{"start":{"line":52,"column":8},"end":{"line":55,"column":11}},"17":{"start":{"line":57,"column":8},"end":{"line":57,"column":27}},"18":{"start":{"line":58,"column":8},"end":{"line":61,"column":11}},"19":{"start":{"line":65,"column":0},"end":{"line":110,"column":2}},"20":{"start":{"line":66,"column":4},"end":{"line":109,"column":5}},"21":{"start":{"line":67,"column":30},"end":{"line":67,"column":40}},"22":{"start":{"line":68,"column":23},"end":{"line":68,"column":34}},"23":{"start":{"line":70,"column":24},"end":{"line":70,"column":57}},"24":{"start":{"line":71,"column":8},"end":{"line":76,"column":9}},"25":{"start":{"line":72,"column":12},"end":{"line":75,"column":15}},"26":{"start":{"line":78,"column":8},"end":{"line":83,"column":9}},"27":{"start":{"line":79,"column":12},"end":{"line":82,"column":15}},"28":{"start":{"line":85,"column":21},"end":{"line":89,"column":10}},"29":{"start":{"line":91,"column":8},"end":{"line":96,"column":9}},"30":{"start":{"line":92,"column":12},"end":{"line":95,"column":15}},"31":{"start":{"line":98,"column":8},"end":{"line":102,"column":11}},"32":{"start":{"line":104,"column":8},"end":{"line":104,"column":27}},"33":{"start":{"line":105,"column":8},"end":{"line":108,"column":11}},"34":{"start":{"line":112,"column":0},"end":{"line":150,"column":2}},"35":{"start":{"line":113,"column":4},"end":{"line":149,"column":5}},"36":{"start":{"line":114,"column":30},"end":{"line":114,"column":40}},"37":{"start":{"line":116,"column":24},"end":{"line":116,"column":57}},"38":{"start":{"line":117,"column":8},"end":{"line":122,"column":9}},"39":{"start":{"line":118,"column":12},"end":{"line":121,"column":15}},"40":{"start":{"line":124,"column":8},"end":{"line":129,"column":9}},"41":{"start":{"line":125,"column":12},"end":{"line":128,"column":15}},"42":{"start":{"line":131,"column":30},"end":{"line":134,"column":10}},"43":{"start":{"line":136,"column":8},"end":{"line":142,"column":11}},"44":{"start":{"line":144,"column":8},"end":{"line":144,"column":27}},"45":{"start":{"line":145,"column":8},"end":{"line":148,"column":11}},"46":{"start":{"line":152,"column":0},"end":{"line":208,"column":2}},"47":{"start":{"line":153,"column":4},"end":{"line":207,"column":5}},"48":{"start":{"line":154,"column":30},"end":{"line":154,"column":40}},"49":{"start":{"line":155,"column":23},"end":{"line":155,"column":34}},"50":{"start":{"line":157,"column":24},"end":{"line":157,"column":57}},"51":{"start":{"line":158,"column":8},"end":{"line":163,"column":9}},"52":{"start":{"line":159,"column":12},"end":{"line":162,"column":15}},"53":{"start":{"line":165,"column":8},"end":{"line":170,"column":9}},"54":{"start":{"line":166,"column":12},"end":{"line":169,"column":15}},"55":{"start":{"line":172,"column":29},"end":{"line":176,"column":10}},"56":{"start":{"line":178,"column":8},"end":{"line":183,"column":9}},"57":{"start":{"line":179,"column":12},"end":{"line":182,"column":15}},"58":{"start":{"line":185,"column":8},"end":{"line":189,"column":11}},"59":{"start":{"line":191,"column":23},"end":{"line":195,"column":10}},"60":{"start":{"line":197,"column":8},"end":{"line":200,"column":11}},"61":{"start":{"line":202,"column":8},"end":{"line":202,"column":27}},"62":{"start":{"line":203,"column":8},"end":{"line":206,"column":11}},"63":{"start":{"line":210,"column":0},"end":{"line":255,"column":2}},"64":{"start":{"line":211,"column":4},"end":{"line":254,"column":5}},"65":{"start":{"line":212,"column":30},"end":{"line":212,"column":40}},"66":{"start":{"line":213,"column":23},"end":{"line":213,"column":34}},"67":{"start":{"line":215,"column":24},"end":{"line":215,"column":57}},"68":{"start":{"line":216,"column":8},"end":{"line":221,"column":9}},"69":{"start":{"line":217,"column":12},"end":{"line":220,"column":15}},"70":{"start":{"line":223,"column":8},"end":{"line":228,"column":9}},"71":{"start":{"line":224,"column":12},"end":{"line":227,"column":15}},"72":{"start":{"line":230,"column":21},"end":{"line":234,"column":10}},"73":{"start":{"line":236,"column":8},"end":{"line":241,"column":9}},"74":{"start":{"line":237,"column":12},"end":{"line":240,"column":15}},"75":{"start":{"line":243,"column":8},"end":{"line":247,"column":11}},"76":{"start":{"line":249,"column":8},"end":{"line":249,"column":27}},"77":{"start":{"line":250,"column":8},"end":{"line":253,"column":11}},"78":{"start":{"line":257,"column":0},"end":{"line":295,"column":2}},"79":{"start":{"line":258,"column":4},"end":{"line":294,"column":5}},"80":{"start":{"line":259,"column":30},"end":{"line":259,"column":40}},"81":{"start":{"line":261,"column":24},"end":{"line":261,"column":57}},"82":{"start":{"line":262,"column":8},"end":{"line":267,"column":9}},"83":{"start":{"line":263,"column":12},"end":{"line":266,"column":15}},"84":{"start":{"line":269,"column":8},"end":{"line":274,"column":9}},"85":{"start":{"line":270,"column":12},"end":{"line":273,"column":15}},"86":{"start":{"line":276,"column":28},"end":{"line":279,"column":10}},"87":{"start":{"line":281,"column":8},"end":{"line":287,"column":11}},"88":{"start":{"line":289,"column":8},"end":{"line":289,"column":27}},"89":{"start":{"line":290,"column":8},"end":{"line":293,"column":11}},"90":{"start":{"line":300,"column":0},"end":{"line":359,"column":2}},"91":{"start":{"line":301,"column":4},"end":{"line":358,"column":5}},"92":{"start":{"line":302,"column":30},"end":{"line":302,"column":40}},"93":{"start":{"line":303,"column":23},"end":{"line":303,"column":52}},"94":{"start":{"line":305,"column":24},"end":{"line":305,"column":57}},"95":{"start":{"line":306,"column":8},"end":{"line":311,"column":9}},"96":{"start":{"line":307,"column":12},"end":{"line":310,"column":15}},"97":{"start":{"line":313,"column":8},"end":{"line":318,"column":9}},"98":{"start":{"line":314,"column":12},"end":{"line":317,"column":15}},"99":{"start":{"line":320,"column":28},"end":{"line":323,"column":10}},"100":{"start":{"line":325,"column":30},"end":{"line":328,"column":10}},"101":{"start":{"line":330,"column":23},"end":{"line":330,"column":27}},"102":{"start":{"line":332,"column":8},"end":{"line":341,"column":9}},"103":{"start":{"line":333,"column":25},"end":{"line":336,"column":14}},"104":{"start":{"line":338,"column":12},"end":{"line":340,"column":13}},"105":{"start":{"line":339,"column":16},"end":{"line":339,"column":41}},"106":{"start":{"line":343,"column":8},"end":{"line":351,"column":11}},"107":{"start":{"line":353,"column":8},"end":{"line":353,"column":27}},"108":{"start":{"line":354,"column":8},"end":{"line":357,"column":11}}},"fnMap":{"0":{"name":"(anonymous_0)","decl":{"start":{"line":7,"column":22},"end":{"line":7,"column":23}},"loc":{"start":{"line":7,"column":48},"end":{"line":63,"column":1}},"line":7},"1":{"name":"(anonymous_1)","decl":{"start":{"line":65,"column":25},"end":{"line":65,"column":26}},"loc":{"start":{"line":65,"column":51},"end":{"line":110,"column":1}},"line":65},"2":{"name":"(anonymous_2)","decl":{"start":{"line":112,"column":27},"end":{"line":112,"column":28}},"loc":{"start":{"line":112,"column":53},"end":{"line":150,"column":1}},"line":112},"3":{"name":"(anonymous_3)","decl":{"start":{"line":152,"column":20},"end":{"line":152,"column":21}},"loc":{"start":{"line":152,"column":46},"end":{"line":208,"column":1}},"line":152},"4":{"name":"(anonymous_4)","decl":{"start":{"line":210,"column":23},"end":{"line":210,"column":24}},"loc":{"start":{"line":210,"column":49},"end":{"line":255,"column":1}},"line":210},"5":{"name":"(anonymous_5)","decl":{"start":{"line":257,"column":25},"end":{"line":257,"column":26}},"loc":{"start":{"line":257,"column":51},"end":{"line":295,"column":1}},"line":257},"6":{"name":"(anonymous_6)","decl":{"start":{"line":300,"column":25},"end":{"line":300,"column":26}},"loc":{"start":{"line":300,"column":51},"end":{"line":359,"column":1}},"line":300}},"branchMap":{"0":{"loc":{"start":{"line":13,"column":8},"end":{"line":18,"column":9}},"type":"if","locations":[{"start":{"line":13,"column":8},"end":{"line":18,"column":9}},{"start":{},"end":{}}],"line":13},"1":{"loc":{"start":{"line":20,"column":8},"end":{"line":25,"column":9}},"type":"if","locations":[{"start":{"line":20,"column":8},"end":{"line":25,"column":9}},{"start":{},"end":{}}],"line":20},"2":{"loc":{"start":{"line":20,"column":12},"end":{"line":20,"column":60}},"type":"binary-expr","locations":[{"start":{"line":20,"column":12},"end":{"line":20,"column":27}},{"start":{"line":20,"column":31},"end":{"line":20,"column":60}}],"line":20},"3":{"loc":{"start":{"line":33,"column":8},"end":{"line":38,"column":9}},"type":"if","locations":[{"start":{"line":33,"column":8},"end":{"line":38,"column":9}},{"start":{},"end":{}}],"line":33},"4":{"loc":{"start":{"line":71,"column":8},"end":{"line":76,"column":9}},"type":"if","locations":[{"start":{"line":71,"column":8},"end":{"line":76,"column":9}},{"start":{},"end":{}}],"line":71},"5":{"loc":{"start":{"line":78,"column":8},"end":{"line":83,"column":9}},"type":"if","locations":[{"start":{"line":78,"column":8},"end":{"line":83,"column":9}},{"start":{},"end":{}}],"line":78},"6":{"loc":{"start":{"line":78,"column":12},"end":{"line":78,"column":60}},"type":"binary-expr","locations":[{"start":{"line":78,"column":12},"end":{"line":78,"column":27}},{"start":{"line":78,"column":31},"end":{"line":78,"column":60}}],"line":78},"7":{"loc":{"start":{"line":91,"column":8},"end":{"line":96,"column":9}},"type":"if","locations":[{"start":{"line":91,"column":8},"end":{"line":96,"column":9}},{"start":{},"end":{}}],"line":91},"8":{"loc":{"start":{"line":117,"column":8},"end":{"line":122,"column":9}},"type":"if","locations":[{"start":{"line":117,"column":8},"end":{"line":122,"column":9}},{"start":{},"end":{}}],"line":117},"9":{"loc":{"start":{"line":124,"column":8},"end":{"line":129,"column":9}},"type":"if","locations":[{"start":{"line":124,"column":8},"end":{"line":129,"column":9}},{"start":{},"end":{}}],"line":124},"10":{"loc":{"start":{"line":124,"column":12},"end":{"line":124,"column":60}},"type":"binary-expr","locations":[{"start":{"line":124,"column":12},"end":{"line":124,"column":27}},{"start":{"line":124,"column":31},"end":{"line":124,"column":60}}],"line":124},"11":{"loc":{"start":{"line":158,"column":8},"end":{"line":163,"column":9}},"type":"if","locations":[{"start":{"line":158,"column":8},"end":{"line":163,"column":9}},{"start":{},"end":{}}],"line":158},"12":{"loc":{"start":{"line":165,"column":8},"end":{"line":170,"column":9}},"type":"if","locations":[{"start":{"line":165,"column":8},"end":{"line":170,"column":9}},{"start":{},"end":{}}],"line":165},"13":{"loc":{"start":{"line":165,"column":12},"end":{"line":165,"column":60}},"type":"binary-expr","locations":[{"start":{"line":165,"column":12},"end":{"line":165,"column":27}},{"start":{"line":165,"column":31},"end":{"line":165,"column":60}}],"line":165},"14":{"loc":{"start":{"line":178,"column":8},"end":{"line":183,"column":9}},"type":"if","locations":[{"start":{"line":178,"column":8},"end":{"line":183,"column":9}},{"start":{},"end":{}}],"line":178},"15":{"loc":{"start":{"line":216,"column":8},"end":{"line":221,"column":9}},"type":"if","locations":[{"start":{"line":216,"column":8},"end":{"line":221,"column":9}},{"start":{},"end":{}}],"line":216},"16":{"loc":{"start":{"line":223,"column":8},"end":{"line":228,"column":9}},"type":"if","locations":[{"start":{"line":223,"column":8},"end":{"line":228,"column":9}},{"start":{},"end":{}}],"line":223},"17":{"loc":{"start":{"line":223,"column":12},"end":{"line":223,"column":60}},"type":"binary-expr","locations":[{"start":{"line":223,"column":12},"end":{"line":223,"column":27}},{"start":{"line":223,"column":31},"end":{"line":223,"column":60}}],"line":223},"18":{"loc":{"start":{"line":236,"column":8},"end":{"line":241,"column":9}},"type":"if","locations":[{"start":{"line":236,"column":8},"end":{"line":241,"column":9}},{"start":{},"end":{}}],"line":236},"19":{"loc":{"start":{"line":262,"column":8},"end":{"line":267,"column":9}},"type":"if","locations":[{"start":{"line":262,"column":8},"end":{"line":267,"column":9}},{"start":{},"end":{}}],"line":262},"20":{"loc":{"start":{"line":269,"column":8},"end":{"line":274,"column":9}},"type":"if","locations":[{"start":{"line":269,"column":8},"end":{"line":274,"column":9}},{"start":{},"end":{}}],"line":269},"21":{"loc":{"start":{"line":269,"column":12},"end":{"line":269,"column":60}},"type":"binary-expr","locations":[{"start":{"line":269,"column":12},"end":{"line":269,"column":27}},{"start":{"line":269,"column":31},"end":{"line":269,"column":60}}],"line":269},"22":{"loc":{"start":{"line":303,"column":23},"end":{"line":303,"column":52}},"type":"cond-expr","locations":[{"start":{"line":303,"column":34},"end":{"line":303,"column":45}},{"start":{"line":303,"column":48},"end":{"line":303,"column":52}}],"line":303},"23":{"loc":{"start":{"line":306,"column":8},"end":{"line":311,"column":9}},"type":"if","locations":[{"start":{"line":306,"column":8},"end":{"line":311,"column":9}},{"start":{},"end":{}}],"line":306},"24":{"loc":{"start":{"line":313,"column":8},"end":{"line":318,"column":9}},"type":"if","locations":[{"start":{"line":313,"column":8},"end":{"line":318,"column":9}},{"start":{},"end":{}}],"line":313},"25":{"loc":{"start":{"line":313,"column":12},"end":{"line":313,"column":60}},"type":"binary-expr","locations":[{"start":{"line":313,"column":12},"end":{"line":313,"column":27}},{"start":{"line":313,"column":31},"end":{"line":313,"column":60}}],"line":313},"26":{"loc":{"start":{"line":332,"column":8},"end":{"line":341,"column":9}},"type":"if","locations":[{"start":{"line":332,"column":8},"end":{"line":341,"column":9}},{"start":{},"end":{}}],"line":332},"27":{"loc":{"start":{"line":338,"column":12},"end":{"line":340,"column":13}},"type":"if","locations":[{"start":{"line":338,"column":12},"end":{"line":340,"column":13}},{"start":{},"end":{}}],"line":338}},"s":{"0":3,"1":3,"2":3,"3":5,"4":5,"5":5,"6":5,"7":5,"8":1,"9":4,"10":1,"11":3,"12":2,"13":1,"14":1,"15":1,"16":1,"17":1,"18":1,"19":3,"20":5,"21":5,"22":5,"23":5,"24":5,"25":1,"26":4,"27":1,"28":3,"29":2,"30":1,"31":1,"32":1,"33":1,"34":3,"35":4,"36":4,"37":4,"38":4,"39":1,"40":3,"41":1,"42":2,"43":1,"44":1,"45":1,"46":3,"47":5,"48":5,"49":5,"50":5,"51":5,"52":1,"53":4,"54":1,"55":3,"56":2,"57":1,"58":1,"59":1,"60":1,"61":1,"62":1,"63":3,"64":5,"65":5,"66":5,"67":5,"68":5,"69":1,"70":4,"71":1,"72":3,"73":2,"74":1,"75":1,"76":1,"77":1,"78":3,"79":4,"80":4,"81":4,"82":4,"83":1,"84":3,"85":1,"86":2,"87":1,"88":1,"89":1,"90":3,"91":4,"92":4,"93":4,"94":4,"95":4,"96":1,"97":3,"98":1,"99":2,"100":1,"101":1,"102":1,"103":1,"104":1,"105":1,"106":1,"107":1,"108":1},"f":{"0":5,"1":5,"2":4,"3":5,"4":5,"5":4,"6":4},"b":{"0":[1,4],"1":[1,3],"2":[4,3],"3":[1,1],"4":[1,4],"5":[1,3],"6":[4,3],"7":[1,1],"8":[1,3],"9":[1,2],"10":[3,2],"11":[1,4],"12":[1,3],"13":[4,3],"14":[1,1],"15":[1,4],"16":[1,3],"17":[4,3],"18":[1,1],"19":[1,3],"20":[1,2],"21":[3,2],"22":[4,0],"23":[1,3],"24":[1,2],"25":[3,2],"26":[1,0],"27":[1,0]},"_coverageSchema":"1a1c01bbd47fc00a2c39e90264f33305004495a9","hash":"da82940591adf7e023604961565a9c04fd9653c8"}
,"D:\\code\\SE\\se-project-be-68-2-kiminoto\\models\\Booking.js": {"path":"D:\\code\\SE\\se-project-be-68-2-kiminoto\\models\\Booking.js","statementMap":{"0":{"start":{"line":1,"column":17},"end":{"line":1,"column":36}},"1":{"start":{"line":2,"column":21},"end":{"line":2,"column":40}},"2":{"start":{"line":4,"column":22},"end":{"line":29,"column":2}},"3":{"start":{"line":31,"column":0},"end":{"line":31,"column":58}}},"fnMap":{},"branchMap":{},"s":{"0":7,"1":7,"2":7,"3":7},"f":{},"b":{},"_coverageSchema":"1a1c01bbd47fc00a2c39e90264f33305004495a9","hash":"af80ad20e05a03a515d23c651d1a26c6543e0c72"}
,"D:\\code\\SE\\se-project-be-68-2-kiminoto\\models\\CarProvider.js": {"path":"D:\\code\\SE\\se-project-be-68-2-kiminoto\\models\\CarProvider.js","statementMap":{"0":{"start":{"line":1,"column":17},"end":{"line":1,"column":36}},"1":{"start":{"line":3,"column":26},"end":{"line":25,"column":1}},"2":{"start":{"line":27,"column":0},"end":{"line":32,"column":3}},"3":{"start":{"line":34,"column":0},"end":{"line":34,"column":66}}},"fnMap":{},"branchMap":{},"s":{"0":4,"1":4,"2":4,"3":4},"f":{},"b":{},"_coverageSchema":"1a1c01bbd47fc00a2c39e90264f33305004495a9","hash":"5f814d27b2ce161b887831d7616929322e740816"}
,"D:\\code\\SE\\se-project-be-68-2-kiminoto\\models\\Review.js": {"path":"D:\\code\\SE\\se-project-be-68-2-kiminoto\\models\\Review.js","statementMap":{"0":{"start":{"line":1,"column":17},"end":{"line":1,"column":36}},"1":{"start":{"line":3,"column":21},"end":{"line":20,"column":1}},"2":{"start":{"line":22,"column":0},"end":{"line":22,"column":30}}},"fnMap":{},"branchMap":{},"s":{"0":7,"1":7,"2":7},"f":{},"b":{},"_coverageSchema":"1a1c01bbd47fc00a2c39e90264f33305004495a9","hash":"dcc26ab63e7caac192d20ee6d533c3244964964f"}
,"D:\\code\\SE\\se-project-be-68-2-kiminoto\\models\\User.js": {"path":"D:\\code\\SE\\se-project-be-68-2-kiminoto\\models\\User.js","statementMap":{"0":{"start":{"line":1,"column":17},"end":{"line":1,"column":36}},"1":{"start":{"line":2,"column":15},"end":{"line":2,"column":34}},"2":{"start":{"line":3,"column":12},"end":{"line":3,"column":35}},"3":{"start":{"line":5,"column":26},"end":{"line":18,"column":2}},"4":{"start":{"line":20,"column":19},"end":{"line":65,"column":2}},"5":{"start":{"line":67,"column":0},"end":{"line":72,"column":3}},"6":{"start":{"line":68,"column":4},"end":{"line":71,"column":5}},"7":{"start":{"line":69,"column":21},"end":{"line":69,"column":45}},"8":{"start":{"line":70,"column":8},"end":{"line":70,"column":63}},"9":{"start":{"line":74,"column":0},"end":{"line":83,"column":3}},"10":{"start":{"line":75,"column":25},"end":{"line":77,"column":12}},"11":{"start":{"line":80,"column":4},"end":{"line":82,"column":5}},"12":{"start":{"line":81,"column":8},"end":{"line":81,"column":68}},"13":{"start":{"line":85,"column":0},"end":{"line":89,"column":2}},"14":{"start":{"line":86,"column":4},"end":{"line":88,"column":7}},"15":{"start":{"line":91,"column":0},"end":{"line":93,"column":2}},"16":{"start":{"line":92,"column":4},"end":{"line":92,"column":57}},"17":{"start":{"line":95,"column":0},"end":{"line":95,"column":52}}},"fnMap":{"0":{"name":"(anonymous_0)","decl":{"start":{"line":67,"column":23},"end":{"line":67,"column":24}},"loc":{"start":{"line":67,"column":45},"end":{"line":72,"column":1}},"line":67},"1":{"name":"(anonymous_1)","decl":{"start":{"line":74,"column":27},"end":{"line":74,"column":28}},"loc":{"start":{"line":74,"column":43},"end":{"line":83,"column":1}},"line":74},"2":{"name":"(anonymous_2)","decl":{"start":{"line":85,"column":39},"end":{"line":85,"column":40}},"loc":{"start":{"line":85,"column":51},"end":{"line":89,"column":1}},"line":85},"3":{"name":"(anonymous_3)","decl":{"start":{"line":91,"column":35},"end":{"line":91,"column":36}},"loc":{"start":{"line":91,"column":61},"end":{"line":93,"column":1}},"line":91}},"branchMap":{"0":{"loc":{"start":{"line":68,"column":4},"end":{"line":71,"column":5}},"type":"if","locations":[{"start":{"line":68,"column":4},"end":{"line":71,"column":5}},{"start":{},"end":{}}],"line":68},"1":{"loc":{"start":{"line":75,"column":25},"end":{"line":77,"column":12}},"type":"cond-expr","locations":[{"start":{"line":76,"column":10},"end":{"line":76,"column":29}},{"start":{"line":77,"column":10},"end":{"line":77,"column":12}}],"line":75},"2":{"loc":{"start":{"line":75,"column":25},"end":{"line":75,"column":60}},"type":"binary-expr","locations":[{"start":{"line":75,"column":25},"end":{"line":75,"column":37}},{"start":{"line":75,"column":41},"end":{"line":75,"column":60}}],"line":75},"3":{"loc":{"start":{"line":80,"column":4},"end":{"line":82,"column":5}},"type":"if","locations":[{"start":{"line":80,"column":4},"end":{"line":82,"column":5}},{"start":{},"end":{}}],"line":80}},"s":{"0":7,"1":7,"2":7,"3":7,"4":7,"5":7,"6":2,"7":1,"8":1,"9":7,"10":4,"11":4,"12":1,"13":7,"14":1,"15":7,"16":1,"17":7},"f":{"0":2,"1":4,"2":1,"3":1},"b":{"0":[1,1],"1":[3,1],"2":[4,4],"3":[1,3]},"_coverageSchema":"1a1c01bbd47fc00a2c39e90264f33305004495a9","hash":"6f9e56ca11d68e10c3fe2dc8bbc65a3e941d2dce"}
,"D:\\code\\SE\\se-project-be-68-2-kiminoto\\models\\Vote.js": {"path":"D:\\code\\SE\\se-project-be-68-2-kiminoto\\models\\Vote.js","statementMap":{"0":{"start":{"line":1,"column":17},"end":{"line":1,"column":36}},"1":{"start":{"line":3,"column":19},"end":{"line":24,"column":1}},"2":{"start":{"line":26,"column":0},"end":{"line":26,"column":60}},"3":{"start":{"line":27,"column":0},"end":{"line":27,"column":33}},"4":{"start":{"line":29,"column":0},"end":{"line":29,"column":52}}},"fnMap":{},"branchMap":{},"s":{"0":5,"1":5,"2":5,"3":5,"4":5},"f":{},"b":{},"_coverageSchema":"1a1c01bbd47fc00a2c39e90264f33305004495a9","hash":"5e3cb6a88b3b6775c59aa24acdaa1939b132affd"}
}
