TN:
SF:controllers\auth.js
FN:4,(anonymous_0)
FN:26,(anonymous_1)
FN:49,(anonymous_2)
FN:88,(anonymous_3)
FN:98,(anonymous_4)
FNF:5
FNH:5
FNDA:3,(anonymous_0)
FNDA:3,(anonymous_1)
FNDA:5,(anonymous_2)
FNDA:1,(anonymous_3)
FNDA:1,(anonymous_4)
DA:1,2
DA:4,2
DA:5,3
DA:7,3
DA:14,3
DA:15,1
DA:18,3
DA:26,2
DA:27,3
DA:28,3
DA:31,3
DA:39,2
DA:41,1
DA:42,1
DA:49,2
DA:50,5
DA:51,5
DA:53,5
DA:54,1
DA:61,4
DA:62,3
DA:63,1
DA:69,2
DA:70,2
DA:71,1
DA:76,1
DA:78,1
DA:88,2
DA:89,1
DA:92,1
DA:98,2
DA:99,1
DA:104,1
LF:33
LH:33
BRDA:14,0,0,1
BRDA:14,0,1,2
BRDA:53,1,0,1
BRDA:53,1,1,4
BRDA:53,2,0,5
BRDA:53,2,1,5
BRDA:62,3,0,1
BRDA:62,3,1,2
BRDA:70,4,0,1
BRDA:70,4,1,1
BRF:10
BRH:10
end_of_record
TN:
SF:controllers\bookings.js
FN:7,(anonymous_0)
FN:51,(anonymous_1)
FN:80,(anonymous_2)
FN:103,(anonymous_3)
FN:133,(anonymous_4)
FN:178,(anonymous_5)
FNF:6
FNH:6
FNDA:4,(anonymous_0)
FNDA:3,(anonymous_1)
FNDA:4,(anonymous_2)
FNDA:3,(anonymous_3)
FNDA:4,(anonymous_4)
FNDA:4,(anonymous_5)
DA:1,1
DA:2,1
DA:7,1
DA:11,4
DA:12,2
DA:18,2
DA:19,1
DA:26,1
DA:33,4
DA:34,4
DA:35,3
DA:41,1
DA:51,1
DA:52,3
DA:53,3
DA:58,2
DA:59,1
DA:65,1
DA:70,1
DA:71,1
DA:80,1
DA:81,4
DA:82,4
DA:84,4
DA:88,3
DA:89,1
DA:95,2
DA:98,2
DA:102,2
DA:103,3
DA:106,2
DA:107,1
DA:114,1
DA:116,1
DA:118,1
DA:123,1
DA:124,1
DA:133,1
DA:134,4
DA:135,4
DA:137,3
DA:138,1
DA:145,2
DA:149,1
DA:156,1
DA:158,1
DA:163,1
DA:168,1
DA:169,1
DA:178,1
DA:179,4
DA:180,4
DA:182,3
DA:183,1
DA:190,2
DA:194,1
DA:200,1
DA:202,1
DA:207,1
DA:208,1
LF:60
LH:60
BRDA:11,0,0,2
BRDA:11,0,1,2
BRDA:18,1,0,1
BRDA:18,1,1,1
BRDA:58,2,0,1
BRDA:58,2,1,1
BRDA:88,3,0,1
BRDA:88,3,1,2
BRDA:106,4,0,1
BRDA:106,4,1,1
BRDA:106,5,0,2
BRDA:106,5,1,1
BRDA:137,6,0,1
BRDA:137,6,1,2
BRDA:145,7,0,1
BRDA:145,7,1,1
BRDA:146,8,0,2
BRDA:146,8,1,1
BRDA:182,9,0,1
BRDA:182,9,1,2
BRDA:190,10,0,1
BRDA:190,10,1,1
BRDA:191,11,0,2
BRDA:191,11,1,1
BRF:24
BRH:24
end_of_record
TN:
SF:controllers\carProviders.js
FN:8,(anonymous_0)
FN:19,(anonymous_1)
FN:24,(anonymous_2)
FN:75,(anonymous_3)
FN:78,(anonymous_4)
FN:79,(anonymous_5)
FN:82,(anonymous_6)
FN:100,(anonymous_7)
FN:117,(anonymous_8)
FN:118,(anonymous_9)
FN:121,(anonymous_10)
FN:135,(anonymous_11)
FN:147,(anonymous_12)
FN:177,(anonymous_13)
FN:203,(anonymous_14)
FN:227,(anonymous_15)
FN:229,(anonymous_16)
FN:262,(anonymous_17)
FN:278,(anonymous_18)
FN:284,(anonymous_19)
FN:303,(anonymous_20)
FNF:21
FNH:21
FNDA:4,(anonymous_0)
FNDA:16,(anonymous_1)
FNDA:3,(anonymous_2)
FNDA:1,(anonymous_3)
FNDA:2,(anonymous_4)
FNDA:2,(anonymous_5)
FNDA:2,(anonymous_6)
FNDA:3,(anonymous_7)
FNDA:1,(anonymous_8)
FNDA:1,(anonymous_9)
FNDA:1,(anonymous_10)
FNDA:2,(anonymous_11)
FNDA:3,(anonymous_12)
FNDA:3,(anonymous_13)
FNDA:6,(anonymous_14)
FNDA:8,(anonymous_15)
FNDA:5,(anonymous_16)
FNDA:4,(anonymous_17)
FNDA:1,(anonymous_18)
FNDA:8,(anonymous_19)
FNDA:8,(anonymous_20)
DA:1,3
DA:2,3
DA:3,3
DA:8,3
DA:9,4
DA:13,4
DA:16,4
DA:19,16
DA:21,4
DA:22,4
DA:24,3
DA:28,4
DA:34,4
DA:35,1
DA:36,1
DA:40,4
DA:41,1
DA:42,1
DA:44,3
DA:48,4
DA:49,4
DA:50,4
DA:51,4
DA:52,4
DA:54,4
DA:57,4
DA:60,3
DA:61,3
DA:62,1
DA:67,3
DA:68,1
DA:75,3
DA:76,1
DA:77,1
DA:78,2
DA:79,2
DA:81,1
DA:82,2
DA:83,1
DA:86,3
DA:93,1
DA:100,3
DA:101,3
DA:102,3
DA:107,2
DA:108,1
DA:115,1
DA:116,1
DA:117,1
DA:118,1
DA:120,1
DA:121,1
DA:123,1
DA:128,1
DA:135,3
DA:136,2
DA:137,2
DA:138,1
DA:140,1
DA:147,3
DA:148,3
DA:149,3
DA:158,2
DA:159,1
DA:165,1
DA:170,1
DA:177,3
DA:178,3
DA:179,3
DA:181,2
DA:182,1
DA:188,1
DA:189,1
DA:191,1
DA:196,1
DA:203,3
DA:204,6
DA:205,6
DA:218,5
DA:219,1
DA:225,4
DA:227,8
DA:229,5
DA:231,4
DA:232,4
DA:234,4
DA:235,3
DA:262,3
DA:263,4
DA:270,4
DA:271,2
DA:278,2
DA:279,1
DA:283,4
DA:286,8
DA:287,8
DA:294,8
DA:303,8
DA:306,4
DA:308,1
DA:309,1
LF:101
LH:101
BRDA:34,0,0,1
BRDA:34,0,1,3
BRDA:40,1,0,1
BRDA:40,1,1,3
BRDA:48,2,0,4
BRDA:48,2,1,3
BRDA:49,3,0,4
BRDA:49,3,1,3
BRDA:61,4,0,1
BRDA:61,4,1,2
BRDA:67,5,0,1
BRDA:67,5,1,2
BRDA:77,6,0,1
BRDA:77,6,1,0
BRDA:82,7,0,1
BRDA:82,7,1,0
BRDA:107,8,0,1
BRDA:107,8,1,1
BRDA:116,9,0,1
BRDA:116,9,1,0
BRDA:121,10,0,1
BRDA:121,10,1,0
BRDA:158,11,0,1
BRDA:158,11,1,1
BRDA:181,12,0,1
BRDA:181,12,1,1
BRDA:218,13,0,1
BRDA:218,13,1,4
BRDA:227,14,0,8
BRDA:227,14,1,6
BRDA:234,15,0,3
BRDA:234,15,1,1
BRDA:270,16,0,2
BRDA:270,16,1,2
BRDA:270,17,0,4
BRDA:270,17,1,2
BRDA:286,18,0,8
BRDA:286,18,1,7
BRDA:287,19,0,8
BRDA:287,19,1,4
BRDA:303,20,0,8
BRDA:303,20,1,6
BRF:42
BRH:38
end_of_record
TN:
SF:controllers\profile.js
FN:12,(anonymous_0)
FN:54,(anonymous_1)
FN:67,(anonymous_2)
FN:93,(anonymous_3)
FN:125,(anonymous_4)
FN:147,(anonymous_5)
FN:172,(anonymous_6)
FN:204,(anonymous_7)
FN:208,(anonymous_8)
FN:232,(anonymous_9)
FN:236,(anonymous_10)
FNF:11
FNH:11
FNDA:8,(anonymous_0)
FNDA:2,(anonymous_1)
FNDA:3,(anonymous_2)
FNDA:8,(anonymous_3)
FNDA:3,(anonymous_4)
FNDA:3,(anonymous_5)
FNDA:3,(anonymous_6)
FNDA:3,(anonymous_7)
FNDA:3,(anonymous_8)
FNDA:3,(anonymous_9)
FNDA:4,(anonymous_10)
DA:1,4
DA:3,4
DA:4,4
DA:12,4
DA:13,8
DA:14,1
DA:17,7
DA:18,7
DA:20,7
DA:21,2
DA:22,2
DA:23,1
DA:25,1
DA:26,1
DA:29,6
DA:30,1
DA:33,5
DA:34,1
DA:37,4
DA:38,4
DA:40,4
DA:41,1
DA:44,3
DA:45,1
DA:48,2
DA:54,4
DA:55,2
DA:59,2
DA:60,2
DA:61,2
DA:67,4
DA:68,3
DA:69,3
DA:73,2
DA:74,1
DA:78,1
DA:81,1
DA:86,1
DA:93,4
DA:94,8
DA:95,8
DA:96,8
DA:101,2
DA:102,2
DA:103,2
DA:108,2
DA:110,2
DA:118,6
DA:125,4
DA:126,3
DA:127,3
DA:128,2
DA:130,2
DA:131,1
DA:135,1
DA:138,1
DA:140,1
DA:147,4
DA:148,3
DA:149,3
DA:153,2
DA:155,2
DA:156,1
DA:160,1
DA:163,1
DA:165,1
DA:172,4
DA:173,3
DA:174,3
DA:176,2
DA:181,2
DA:182,1
DA:186,1
DA:189,1
DA:190,1
DA:192,1
DA:197,1
DA:204,4
DA:205,3
DA:206,3
DA:208,3
DA:210,3
DA:212,2
DA:213,2
DA:214,2
DA:217,1
DA:220,3
DA:223,2
DA:225,1
DA:232,4
DA:233,3
DA:234,3
DA:236,4
DA:238,3
DA:240,2
DA:241,2
DA:244,1
DA:245,1
DA:248,2
DA:251,1
DA:253,1
LF:101
LH:101
BRDA:13,0,0,1
BRDA:13,0,1,7
BRDA:13,1,0,8
BRDA:13,1,1,7
BRDA:20,2,0,2
BRDA:20,2,1,5
BRDA:22,3,0,1
BRDA:22,3,1,1
BRDA:29,4,0,1
BRDA:29,4,1,5
BRDA:29,5,0,6
BRDA:29,5,1,5
BRDA:33,6,0,1
BRDA:33,6,1,4
BRDA:40,7,0,1
BRDA:40,7,1,3
BRDA:44,8,0,1
BRDA:44,8,1,2
BRDA:57,9,0,2
BRDA:57,9,1,0
BRDA:73,10,0,1
BRDA:73,10,1,1
BRDA:102,11,0,2
BRDA:102,11,1,0
BRDA:128,12,0,2
BRDA:128,12,1,2
BRDA:128,12,2,2
BRDA:130,13,0,1
BRDA:130,13,1,1
BRDA:130,14,0,2
BRDA:130,14,1,2
BRDA:153,15,0,2
BRDA:153,15,1,1
BRDA:153,15,2,1
BRDA:155,16,0,1
BRDA:155,16,1,1
BRDA:155,17,0,2
BRDA:155,17,1,1
BRDA:155,17,2,1
BRDA:176,18,0,2
BRDA:176,18,1,2
BRDA:176,18,2,2
BRDA:176,18,3,2
BRDA:181,19,0,1
BRDA:181,19,1,1
BRDA:210,20,0,2
BRDA:210,20,1,1
BRDA:238,21,0,2
BRDA:238,21,1,1
BRF:49
BRH:47
end_of_record
TN:
SF:controllers\reviews.js
FN:6,moderateContent
FN:49,(anonymous_1)
FN:136,(anonymous_2)
FN:202,(anonymous_3)
FNF:4
FNH:4
FNDA:5,moderateContent
FNDA:9,(anonymous_1)
FNDA:6,(anonymous_2)
FNDA:5,(anonymous_3)
DA:1,1
DA:2,1
DA:4,1
DA:7,5
DA:36,3
DA:38,3
DA:40,3
DA:49,1
DA:50,9
DA:51,9
DA:53,8
DA:54,1
DA:61,7
DA:65,1
DA:72,6
DA:73,1
DA:80,5
DA:81,1
DA:87,4
DA:89,4
DA:90,1
DA:98,3
DA:99,3
DA:101,1
DA:102,1
DA:106,2
DA:107,1
DA:115,1
DA:122,1
DA:124,1
DA:126,1
DA:127,1
DA:136,1
DA:137,6
DA:138,6
DA:140,6
DA:141,1
DA:148,5
DA:152,1
DA:159,4
DA:160,1
DA:166,3
DA:169,3
DA:170,2
DA:171,1
DA:172,1
DA:181,1
DA:182,1
DA:183,1
DA:185,1
DA:187,1
DA:192,1
DA:193,1
DA:202,1
DA:203,5
DA:204,5
DA:206,4
DA:207,1
DA:214,3
DA:218,1
DA:225,2
DA:226,1
DA:232,1
DA:233,1
DA:235,1
DA:237,1
DA:238,1
LF:67
LH:67
BRDA:42,0,0,3
BRDA:42,0,1,1
BRDA:53,1,0,1
BRDA:53,1,1,7
BRDA:61,2,0,1
BRDA:61,2,1,6
BRDA:62,3,0,7
BRDA:62,3,1,1
BRDA:72,4,0,1
BRDA:72,4,1,5
BRDA:80,5,0,1
BRDA:80,5,1,4
BRDA:80,6,0,5
BRDA:80,6,1,1
BRDA:89,7,0,1
BRDA:89,7,1,3
BRDA:89,8,0,4
BRDA:89,8,1,3
BRDA:89,8,2,3
BRDA:89,8,3,3
BRDA:106,9,0,1
BRDA:106,9,1,1
BRDA:140,10,0,1
BRDA:140,10,1,5
BRDA:148,11,0,1
BRDA:148,11,1,4
BRDA:149,12,0,5
BRDA:149,12,1,1
BRDA:159,13,0,1
BRDA:159,13,1,3
BRDA:159,14,0,4
BRDA:159,14,1,3
BRDA:169,15,0,2
BRDA:169,15,1,1
BRDA:171,16,0,1
BRDA:171,16,1,0
BRDA:181,17,0,1
BRDA:181,17,1,0
BRDA:182,18,0,0
BRDA:182,18,1,1
BRDA:206,19,0,1
BRDA:206,19,1,3
BRDA:214,20,0,1
BRDA:214,20,1,2
BRDA:215,21,0,3
BRDA:215,21,1,1
BRDA:225,22,0,1
BRDA:225,22,1,1
BRDA:225,23,0,2
BRDA:225,23,1,1
BRF:50
BRH:47
end_of_record
TN:
SF:controllers\votes.js
FN:7,(anonymous_0)
FN:65,(anonymous_1)
FN:112,(anonymous_2)
FN:152,(anonymous_3)
FN:210,(anonymous_4)
FN:257,(anonymous_5)
FN:300,(anonymous_6)
FNF:7
FNH:7
FNDA:5,(anonymous_0)
FNDA:5,(anonymous_1)
FNDA:4,(anonymous_2)
FNDA:5,(anonymous_3)
FNDA:5,(anonymous_4)
FNDA:4,(anonymous_5)
FNDA:4,(anonymous_6)
DA:1,3
DA:2,3
DA:7,3
DA:8,5
DA:9,5
DA:10,5
DA:12,5
DA:13,5
DA:14,1
DA:20,4
DA:21,1
DA:27,3
DA:33,2
DA:34,1
DA:40,1
DA:46,1
DA:52,1
DA:57,1
DA:58,1
DA:65,3
DA:66,5
DA:67,5
DA:68,5
DA:70,5
DA:71,5
DA:72,1
DA:78,4
DA:79,1
DA:85,3
DA:91,2
DA:92,1
DA:98,1
DA:104,1
DA:105,1
DA:112,3
DA:113,4
DA:114,4
DA:116,4
DA:117,4
DA:118,1
DA:124,3
DA:125,1
DA:131,2
DA:136,1
DA:144,1
DA:145,1
DA:152,3
DA:153,5
DA:154,5
DA:155,5
DA:157,5
DA:158,5
DA:159,1
DA:165,4
DA:166,1
DA:172,3
DA:178,2
DA:179,1
DA:185,1
DA:191,1
DA:197,1
DA:202,1
DA:203,1
DA:210,3
DA:211,5
DA:212,5
DA:213,5
DA:215,5
DA:216,5
DA:217,1
DA:223,4
DA:224,1
DA:230,3
DA:236,2
DA:237,1
DA:243,1
DA:249,1
DA:250,1
DA:257,3
DA:258,4
DA:259,4
DA:261,4
DA:262,4
DA:263,1
DA:269,3
DA:270,1
DA:276,2
DA:281,1
DA:289,1
DA:290,1
DA:300,3
DA:301,4
DA:302,4
DA:303,4
DA:305,4
DA:306,4
DA:307,1
DA:313,3
DA:314,1
DA:320,2
DA:325,1
DA:330,1
DA:332,1
DA:333,1
DA:338,1
DA:339,1
DA:343,1
DA:353,1
DA:354,1
LF:109
LH:109
BRDA:13,0,0,1
BRDA:13,0,1,4
BRDA:20,1,0,1
BRDA:20,1,1,3
BRDA:20,2,0,4
BRDA:20,2,1,3
BRDA:33,3,0,1
BRDA:33,3,1,1
BRDA:71,4,0,1
BRDA:71,4,1,4
BRDA:78,5,0,1
BRDA:78,5,1,3
BRDA:78,6,0,4
BRDA:78,6,1,3
BRDA:91,7,0,1
BRDA:91,7,1,1
BRDA:117,8,0,1
BRDA:117,8,1,3
BRDA:124,9,0,1
BRDA:124,9,1,2
BRDA:124,10,0,3
BRDA:124,10,1,2
BRDA:158,11,0,1
BRDA:158,11,1,4
BRDA:165,12,0,1
BRDA:165,12,1,3
BRDA:165,13,0,4
BRDA:165,13,1,3
BRDA:178,14,0,1
BRDA:178,14,1,1
BRDA:216,15,0,1
BRDA:216,15,1,4
BRDA:223,16,0,1
BRDA:223,16,1,3
BRDA:223,17,0,4
BRDA:223,17,1,3
BRDA:236,18,0,1
BRDA:236,18,1,1
BRDA:262,19,0,1
BRDA:262,19,1,3
BRDA:269,20,0,1
BRDA:269,20,1,2
BRDA:269,21,0,3
BRDA:269,21,1,2
BRDA:303,22,0,4
BRDA:303,22,1,0
BRDA:306,23,0,1
BRDA:306,23,1,3
BRDA:313,24,0,1
BRDA:313,24,1,2
BRDA:313,25,0,3
BRDA:313,25,1,2
BRDA:332,26,0,1
BRDA:332,26,1,0
BRDA:338,27,0,1
BRDA:338,27,1,0
BRF:56
BRH:53
end_of_record
TN:
SF:models\Booking.js
FNF:0
FNH:0
DA:1,7
DA:2,7
DA:4,7
DA:31,7
LF:4
LH:4
BRF:0
BRH:0
end_of_record
TN:
SF:models\CarProvider.js
FNF:0
FNH:0
DA:1,4
DA:3,4
DA:27,4
DA:34,4
LF:4
LH:4
BRF:0
BRH:0
end_of_record
TN:
SF:models\Review.js
FNF:0
FNH:0
DA:1,7
DA:3,7
DA:22,7
LF:3
LH:3
BRF:0
BRH:0
end_of_record
TN:
SF:models\User.js
FN:67,(anonymous_0)
FN:74,(anonymous_1)
FN:85,(anonymous_2)
FN:91,(anonymous_3)
FNF:4
FNH:4
FNDA:2,(anonymous_0)
FNDA:4,(anonymous_1)
FNDA:1,(anonymous_2)
FNDA:1,(anonymous_3)
DA:1,7
DA:2,7
DA:3,7
DA:5,7
DA:20,7
DA:67,7
DA:68,2
DA:69,1
DA:70,1
DA:74,7
DA:75,4
DA:80,4
DA:81,1
DA:85,7
DA:86,1
DA:91,7
DA:92,1
DA:95,7
LF:18
LH:18
BRDA:68,0,0,1
BRDA:68,0,1,1
BRDA:75,1,0,3
BRDA:75,1,1,1
BRDA:75,2,0,4
BRDA:75,2,1,4
BRDA:80,3,0,1
BRDA:80,3,1,3
BRF:8
BRH:8
end_of_record
TN:
SF:models\Vote.js
FNF:0
FNH:0
DA:1,5
DA:3,5
DA:26,5
DA:27,5
DA:29,5
LF:5
LH:5
BRF:0
BRH:0
end_of_record
